<?xml version="1.0" encoding="UTF-8"?>
<coverage generated="1630942578644" clover="3.2.0">
  <project timestamp="1630942578644" name="All files">
    <metrics statements="58" coveredstatements="58" conditionals="10" coveredconditionals="10" methods="13" coveredmethods="13" elements="81" coveredelements="81" complexity="0" loc="58" ncloc="58" packages="1" files="3" classes="3"/>
    <file name="gameboard.js" path="/Users/poppins/web-dev/TOP/battleship/src/components/game/gameboard.js">
      <metrics statements="23" coveredstatements="23" conditionals="6" coveredconditionals="6" methods="3" coveredmethods="3"/>
      <line num="4" count="4" type="stmt"/>
      <line num="26" count="4" type="stmt"/>
      <line num="27" count="4" type="stmt"/>
      <line num="30" count="16" type="stmt"/>
      <line num="33" count="1" type="stmt"/>
      <line num="36" count="24" type="stmt"/>
      <line num="39" count="25" type="stmt"/>
      <line num="40" count="25" type="stmt"/>
      <line num="41" count="125" type="stmt"/>
      <line num="42" count="125" type="cond" truecount="2" falsecount="0"/>
      <line num="43" count="24" type="stmt"/>
      <line num="44" count="24" type="stmt"/>
      <line num="45" count="24" type="stmt"/>
      <line num="46" count="24" type="stmt"/>
      <line num="49" count="25" type="cond" truecount="2" falsecount="0"/>
      <line num="50" count="1" type="stmt"/>
      <line num="54" count="18" type="stmt"/>
      <line num="55" count="18" type="stmt"/>
      <line num="56" count="49" type="stmt"/>
      <line num="57" count="49" type="cond" truecount="2" falsecount="0"/>
      <line num="58" count="17" type="stmt"/>
      <line num="59" count="17" type="stmt"/>
      <line num="62" count="18" type="stmt"/>
    </file>
    <file name="player.js" path="/Users/poppins/web-dev/TOP/battleship/src/components/game/player.js">
      <metrics statements="29" coveredstatements="29" conditionals="4" coveredconditionals="4" methods="6" coveredmethods="6"/>
      <line num="3" count="5" type="stmt"/>
      <line num="5" count="5" type="stmt"/>
      <line num="6" count="5" type="stmt"/>
      <line num="9" count="500" type="stmt"/>
      <line num="11" count="5" type="stmt"/>
      <line num="12" count="5" type="stmt"/>
      <line num="13" count="5" type="stmt"/>
      <line num="14" count="50" type="stmt"/>
      <line num="15" count="500" type="stmt"/>
      <line num="20" count="102" type="stmt"/>
      <line num="25" count="104" type="stmt"/>
      <line num="26" count="104" type="stmt"/>
      <line num="27" count="5448" type="stmt"/>
      <line num="29" count="104" type="stmt"/>
      <line num="32" count="104" type="stmt"/>
      <line num="35" count="103" type="cond" truecount="2" falsecount="0"/>
      <line num="36" count="1" type="stmt"/>
      <line num="38" count="102" type="stmt"/>
      <line num="39" count="102" type="stmt"/>
      <line num="40" count="102" type="stmt"/>
      <line num="41" count="102" type="stmt"/>
      <line num="42" count="102" type="stmt"/>
      <line num="45" count="3" type="cond" truecount="2" falsecount="0"/>
      <line num="46" count="1" type="stmt"/>
      <line num="48" count="2" type="stmt"/>
      <line num="49" count="2" type="stmt"/>
      <line num="50" count="2" type="stmt"/>
      <line num="51" count="2" type="stmt"/>
      <line num="52" count="2" type="stmt"/>
    </file>
    <file name="ship.js" path="/Users/poppins/web-dev/TOP/battleship/src/components/game/ship.js">
      <metrics statements="6" coveredstatements="6" conditionals="0" coveredconditionals="0" methods="4" coveredmethods="4"/>
      <line num="3" count="22" type="stmt"/>
      <line num="7" count="34" type="stmt"/>
      <line num="8" count="34" type="stmt"/>
      <line num="9" count="34" type="stmt"/>
      <line num="12" count="34" type="stmt"/>
      <line num="15" count="179" type="stmt"/>
    </file>
  </project>
</coverage>
