<?xml version="1.0" encoding="UTF-8"?>
<coverage generated="1630809090006" clover="3.2.0">
  <project timestamp="1630809090006" name="All files">
    <metrics statements="42" coveredstatements="41" conditionals="10" coveredconditionals="9" methods="9" coveredmethods="9" elements="61" coveredelements="59" complexity="0" loc="42" ncloc="42" packages="1" files="3" classes="3"/>
    <file name="gameboard.js" path="/Users/poppins/web-dev/TOP/battleship/src/components/game/gameboard.js">
      <metrics statements="20" coveredstatements="20" conditionals="6" coveredconditionals="6" methods="3" coveredmethods="3"/>
      <line num="4" count="3" type="stmt"/>
      <line num="26" count="3" type="stmt"/>
      <line num="29" count="15" type="stmt"/>
      <line num="32" count="1" type="stmt"/>
      <line num="35" count="20" type="stmt"/>
      <line num="36" count="20" type="stmt"/>
      <line num="37" count="100" type="stmt"/>
      <line num="38" count="100" type="cond" truecount="2" falsecount="0"/>
      <line num="39" count="19" type="stmt"/>
      <line num="40" count="19" type="stmt"/>
      <line num="41" count="19" type="stmt"/>
      <line num="44" count="20" type="cond" truecount="2" falsecount="0"/>
      <line num="45" count="1" type="stmt"/>
      <line num="49" count="18" type="stmt"/>
      <line num="50" count="18" type="stmt"/>
      <line num="51" count="49" type="stmt"/>
      <line num="52" count="49" type="cond" truecount="2" falsecount="0"/>
      <line num="53" count="17" type="stmt"/>
      <line num="54" count="17" type="stmt"/>
      <line num="57" count="18" type="stmt"/>
    </file>
    <file name="player.js" path="/Users/poppins/web-dev/TOP/battleship/src/components/game/player.js">
      <metrics statements="15" coveredstatements="14" conditionals="4" coveredconditionals="3" methods="2" coveredmethods="2"/>
      <line num="3" count="2" type="stmt"/>
      <line num="5" count="2" type="stmt"/>
      <line num="8" count="2" type="stmt"/>
      <line num="9" count="2" type="stmt"/>
      <line num="10" count="2" type="stmt"/>
      <line num="11" count="2" type="stmt"/>
      <line num="12" count="2" type="cond" truecount="1" falsecount="1"/>
      <line num="13" count="0" type="stmt"/>
      <line num="15" count="2" type="stmt"/>
      <line num="19" count="4" type="stmt"/>
      <line num="22" count="4" type="cond" truecount="2" falsecount="0"/>
      <line num="23" count="2" type="stmt"/>
      <line num="25" count="4" type="stmt"/>
      <line num="26" count="4" type="stmt"/>
      <line num="27" count="4" type="stmt"/>
    </file>
    <file name="ship.js" path="/Users/poppins/web-dev/TOP/battleship/src/components/game/ship.js">
      <metrics statements="7" coveredstatements="7" conditionals="0" coveredconditionals="0" methods="4" coveredmethods="4"/>
      <line num="3" count="17" type="stmt"/>
      <line num="7" count="29" type="stmt"/>
      <line num="8" count="29" type="stmt"/>
      <line num="9" count="29" type="stmt"/>
      <line num="12" count="29" type="stmt"/>
      <line num="15" count="179" type="stmt"/>
      <line num="16" count="54" type="stmt"/>
    </file>
  </project>
</coverage>
