{"/Users/poppins/web-dev/TOP/battleship/src/components/game/gameboard.js": {"path":"/Users/poppins/web-dev/TOP/battleship/src/components/game/gameboard.js","statementMap":{"0":{"start":{"line":4,"column":10},"end":{"line":25,"column":3}},"1":{"start":{"line":26,"column":11},"end":{"line":26,"column":13}},"2":{"start":{"line":29,"column":4},"end":{"line":29,"column":49}},"3":{"start":{"line":32,"column":4},"end":{"line":32,"column":46}},"4":{"start":{"line":35,"column":15},"end":{"line":35,"column":19}},"5":{"start":{"line":36,"column":4},"end":{"line":43,"column":5}},"6":{"start":{"line":37,"column":22},"end":{"line":37,"column":74}},"7":{"start":{"line":38,"column":6},"end":{"line":42,"column":7}},"8":{"start":{"line":39,"column":26},"end":{"line":39,"column":77}},"9":{"start":{"line":40,"column":8},"end":{"line":40,"column":45}},"10":{"start":{"line":41,"column":8},"end":{"line":41,"column":21}},"11":{"start":{"line":44,"column":4},"end":{"line":46,"column":5}},"12":{"start":{"line":45,"column":6},"end":{"line":45,"column":57}},"13":{"start":{"line":49,"column":19},"end":{"line":49,"column":23}},"14":{"start":{"line":50,"column":4},"end":{"line":56,"column":5}},"15":{"start":{"line":51,"column":28},"end":{"line":51,"column":59}},"16":{"start":{"line":52,"column":6},"end":{"line":55,"column":7}},"17":{"start":{"line":53,"column":8},"end":{"line":53,"column":25}},"18":{"start":{"line":54,"column":8},"end":{"line":54,"column":14}},"19":{"start":{"line":57,"column":4},"end":{"line":57,"column":20}}},"fnMap":{"0":{"name":"(anonymous_0)","decl":{"start":{"line":28,"column":2},"end":{"line":28,"column":3}},"loc":{"start":{"line":28,"column":37},"end":{"line":30,"column":3}},"line":28},"1":{"name":"(anonymous_1)","decl":{"start":{"line":34,"column":2},"end":{"line":34,"column":3}},"loc":{"start":{"line":34,"column":35},"end":{"line":47,"column":3}},"line":34},"2":{"name":"(anonymous_2)","decl":{"start":{"line":48,"column":2},"end":{"line":48,"column":3}},"loc":{"start":{"line":48,"column":13},"end":{"line":58,"column":3}},"line":48}},"branchMap":{"0":{"loc":{"start":{"line":38,"column":6},"end":{"line":42,"column":7}},"type":"if","locations":[{"start":{"line":38,"column":6},"end":{"line":42,"column":7}},{"start":{"line":38,"column":6},"end":{"line":42,"column":7}}],"line":38},"1":{"loc":{"start":{"line":44,"column":4},"end":{"line":46,"column":5}},"type":"if","locations":[{"start":{"line":44,"column":4},"end":{"line":46,"column":5}},{"start":{"line":44,"column":4},"end":{"line":46,"column":5}}],"line":44},"2":{"loc":{"start":{"line":52,"column":6},"end":{"line":55,"column":7}},"type":"if","locations":[{"start":{"line":52,"column":6},"end":{"line":55,"column":7}},{"start":{"line":52,"column":6},"end":{"line":55,"column":7}}],"line":52}},"s":{"0":3,"1":3,"2":15,"3":1,"4":20,"5":20,"6":100,"7":100,"8":19,"9":19,"10":19,"11":20,"12":1,"13":18,"14":18,"15":49,"16":49,"17":17,"18":17,"19":18},"f":{"0":15,"1":20,"2":18},"b":{"0":[19,81],"1":[1,19],"2":[17,32]},"_coverageSchema":"1a1c01bbd47fc00a2c39e90264f33305004495a9","hash":"f9ad6e429c6bb0cf340ea537152466e1a0659df5"}
,"/Users/poppins/web-dev/TOP/battleship/src/components/game/player.js": {"path":"/Users/poppins/web-dev/TOP/battleship/src/components/game/player.js","statementMap":{"0":{"start":{"line":3,"column":4},"end":{"line":3,"column":25}},"1":{"start":{"line":5,"column":12},"end":{"line":5,"column":14}},"2":{"start":{"line":8,"column":20},"end":{"line":8,"column":70}},"3":{"start":{"line":9,"column":26},"end":{"line":9,"column":65}},"4":{"start":{"line":10,"column":23},"end":{"line":10,"column":53}},"5":{"start":{"line":11,"column":27},"end":{"line":11,"column":58}},"6":{"start":{"line":12,"column":4},"end":{"line":16,"column":5}},"7":{"start":{"line":13,"column":6},"end":{"line":13,"column":27}},"8":{"start":{"line":15,"column":6},"end":{"line":15,"column":28}},"9":{"start":{"line":19,"column":4},"end":{"line":19,"column":47}},"10":{"start":{"line":22,"column":4},"end":{"line":24,"column":5}},"11":{"start":{"line":23,"column":6},"end":{"line":23,"column":40}},"12":{"start":{"line":25,"column":4},"end":{"line":25,"column":52}},"13":{"start":{"line":26,"column":4},"end":{"line":26,"column":37}},"14":{"start":{"line":27,"column":4},"end":{"line":27,"column":22}}},"fnMap":{"0":{"name":"(anonymous_0)","decl":{"start":{"line":2,"column":2},"end":{"line":2,"column":3}},"loc":{"start":{"line":2,"column":22},"end":{"line":4,"column":3}},"line":2},"1":{"name":"(anonymous_1)","decl":{"start":{"line":21,"column":2},"end":{"line":21,"column":3}},"loc":{"start":{"line":21,"column":28},"end":{"line":28,"column":3}},"line":21}},"branchMap":{"0":{"loc":{"start":{"line":12,"column":4},"end":{"line":16,"column":5}},"type":"if","locations":[{"start":{"line":12,"column":4},"end":{"line":16,"column":5}},{"start":{"line":12,"column":4},"end":{"line":16,"column":5}}],"line":12},"1":{"loc":{"start":{"line":22,"column":4},"end":{"line":24,"column":5}},"type":"if","locations":[{"start":{"line":22,"column":4},"end":{"line":24,"column":5}},{"start":{"line":22,"column":4},"end":{"line":24,"column":5}}],"line":22}},"s":{"0":2,"1":2,"2":2,"3":2,"4":2,"5":2,"6":2,"7":0,"8":2,"9":4,"10":4,"11":2,"12":4,"13":4,"14":4},"f":{"0":2,"1":4},"b":{"0":[0,2],"1":[2,2]},"_coverageSchema":"1a1c01bbd47fc00a2c39e90264f33305004495a9","hash":"6e3ca83e2468c9f5995a4be5bafbcfa22159b57e"}
,"/Users/poppins/web-dev/TOP/battleship/src/components/game/ship.js": {"path":"/Users/poppins/web-dev/TOP/battleship/src/components/game/ship.js","statementMap":{"0":{"start":{"line":3,"column":4},"end":{"line":3,"column":46}},"1":{"start":{"line":7,"column":17},"end":{"line":7,"column":32}},"2":{"start":{"line":8,"column":4},"end":{"line":8,"column":30}},"3":{"start":{"line":9,"column":4},"end":{"line":9,"column":16}},"4":{"start":{"line":12,"column":4},"end":{"line":12,"column":59}},"5":{"start":{"line":15,"column":20},"end":{"line":15,"column":68}},"6":{"start":{"line":15,"column":50},"end":{"line":15,"column":67}},"7":{"start":{"line":16,"column":4},"end":{"line":16,"column":19}}},"fnMap":{"0":{"name":"(anonymous_0)","decl":{"start":{"line":2,"column":2},"end":{"line":2,"column":3}},"loc":{"start":{"line":2,"column":22},"end":{"line":4,"column":3}},"line":2},"1":{"name":"(anonymous_1)","decl":{"start":{"line":11,"column":2},"end":{"line":11,"column":3}},"loc":{"start":{"line":11,"column":20},"end":{"line":13,"column":3}},"line":11},"2":{"name":"(anonymous_2)","decl":{"start":{"line":14,"column":2},"end":{"line":14,"column":3}},"loc":{"start":{"line":14,"column":12},"end":{"line":17,"column":3}},"line":14},"3":{"name":"(anonymous_3)","decl":{"start":{"line":15,"column":36},"end":{"line":15,"column":37}},"loc":{"start":{"line":15,"column":50},"end":{"line":15,"column":67}},"line":15}},"branchMap":{},"s":{"0":17,"1":29,"2":29,"3":29,"4":29,"5":54,"6":179,"7":54},"f":{"0":17,"1":29,"2":54,"3":179},"b":{},"_coverageSchema":"1a1c01bbd47fc00a2c39e90264f33305004495a9","hash":"1b6b746f39a8ae92ec728903f27f9908d144c4d1"}
}
