{"/Users/poppins/web-dev/TOP/battleship/src/index.js": {"path":"/Users/poppins/web-dev/TOP/battleship/src/index.js","statementMap":{"0":{"start":{"line":5,"column":13},"end":{"line":5,"column":23}},"1":{"start":{"line":6,"column":0},"end":{"line":6,"column":11}}},"fnMap":{},"branchMap":{},"s":{"0":1,"1":1},"f":{},"b":{},"_coverageSchema":"1a1c01bbd47fc00a2c39e90264f33305004495a9","hash":"fba22826ce37706e89595b4bf7be04ebc4a12ef0"}
,"/Users/poppins/web-dev/TOP/battleship/src/components/game/game_loop.js": {"path":"/Users/poppins/web-dev/TOP/battleship/src/components/game/game_loop.js","statementMap":{"0":{"start":{"line":5,"column":18},"end":{"line":5,"column":37}},"1":{"start":{"line":6,"column":18},"end":{"line":6,"column":34}},"2":{"start":{"line":7,"column":28},"end":{"line":7,"column":43}},"3":{"start":{"line":8,"column":28},"end":{"line":8,"column":43}},"4":{"start":{"line":10,"column":2},"end":{"line":10,"column":68}}},"fnMap":{"0":{"name":"gameloop","decl":{"start":{"line":4,"column":24},"end":{"line":4,"column":32}},"loc":{"start":{"line":4,"column":35},"end":{"line":11,"column":1}},"line":4}},"branchMap":{},"s":{"0":1,"1":1,"2":1,"3":1,"4":1},"f":{"0":1},"b":{},"_coverageSchema":"1a1c01bbd47fc00a2c39e90264f33305004495a9","hash":"676b22eb7a1cb588fde53c553c93433131ed54be"}
,"/Users/poppins/web-dev/TOP/battleship/src/components/game/gameboard.js": {"path":"/Users/poppins/web-dev/TOP/battleship/src/components/game/gameboard.js","statementMap":{"0":{"start":{"line":4,"column":10},"end":{"line":25,"column":3}},"1":{"start":{"line":26,"column":9},"end":{"line":26,"column":11}},"2":{"start":{"line":27,"column":11},"end":{"line":27,"column":13}},"3":{"start":{"line":30,"column":4},"end":{"line":30,"column":50}},"4":{"start":{"line":33,"column":4},"end":{"line":33,"column":53}},"5":{"start":{"line":36,"column":4},"end":{"line":36,"column":51}},"6":{"start":{"line":39,"column":15},"end":{"line":39,"column":19}},"7":{"start":{"line":40,"column":4},"end":{"line":48,"column":5}},"8":{"start":{"line":41,"column":22},"end":{"line":41,"column":74}},"9":{"start":{"line":42,"column":6},"end":{"line":47,"column":7}},"10":{"start":{"line":43,"column":8},"end":{"line":43,"column":56}},"11":{"start":{"line":44,"column":26},"end":{"line":44,"column":77}},"12":{"start":{"line":45,"column":8},"end":{"line":45,"column":45}},"13":{"start":{"line":46,"column":8},"end":{"line":46,"column":21}},"14":{"start":{"line":49,"column":4},"end":{"line":51,"column":5}},"15":{"start":{"line":50,"column":6},"end":{"line":50,"column":57}},"16":{"start":{"line":54,"column":22},"end":{"line":54,"column":26}},"17":{"start":{"line":55,"column":4},"end":{"line":61,"column":5}},"18":{"start":{"line":56,"column":28},"end":{"line":56,"column":59}},"19":{"start":{"line":57,"column":6},"end":{"line":60,"column":7}},"20":{"start":{"line":58,"column":8},"end":{"line":58,"column":28}},"21":{"start":{"line":59,"column":8},"end":{"line":59,"column":14}},"22":{"start":{"line":62,"column":4},"end":{"line":62,"column":23}}},"fnMap":{"0":{"name":"(anonymous_0)","decl":{"start":{"line":29,"column":2},"end":{"line":29,"column":3}},"loc":{"start":{"line":29,"column":38},"end":{"line":31,"column":3}},"line":29},"1":{"name":"(anonymous_1)","decl":{"start":{"line":38,"column":2},"end":{"line":38,"column":3}},"loc":{"start":{"line":38,"column":35},"end":{"line":52,"column":3}},"line":38},"2":{"name":"(anonymous_2)","decl":{"start":{"line":53,"column":2},"end":{"line":53,"column":3}},"loc":{"start":{"line":53,"column":13},"end":{"line":63,"column":3}},"line":53}},"branchMap":{"0":{"loc":{"start":{"line":42,"column":6},"end":{"line":47,"column":7}},"type":"if","locations":[{"start":{"line":42,"column":6},"end":{"line":47,"column":7}},{"start":{"line":42,"column":6},"end":{"line":47,"column":7}}],"line":42},"1":{"loc":{"start":{"line":49,"column":4},"end":{"line":51,"column":5}},"type":"if","locations":[{"start":{"line":49,"column":4},"end":{"line":51,"column":5}},{"start":{"line":49,"column":4},"end":{"line":51,"column":5}}],"line":49},"2":{"loc":{"start":{"line":57,"column":6},"end":{"line":60,"column":7}},"type":"if","locations":[{"start":{"line":57,"column":6},"end":{"line":60,"column":7}},{"start":{"line":57,"column":6},"end":{"line":60,"column":7}}],"line":57}},"s":{"0":6,"1":6,"2":6,"3":16,"4":1,"5":24,"6":25,"7":25,"8":125,"9":125,"10":24,"11":24,"12":24,"13":24,"14":25,"15":1,"16":18,"17":18,"18":49,"19":49,"20":17,"21":17,"22":18},"f":{"0":16,"1":25,"2":18},"b":{"0":[24,101],"1":[1,24],"2":[17,32]},"_coverageSchema":"1a1c01bbd47fc00a2c39e90264f33305004495a9","hash":"8b9cac5ae9caf0d0e4bade2e046675e7451492db"}
,"/Users/poppins/web-dev/TOP/battleship/src/components/game/player.js": {"path":"/Users/poppins/web-dev/TOP/battleship/src/components/game/player.js","statementMap":{"0":{"start":{"line":3,"column":4},"end":{"line":3,"column":25}},"1":{"start":{"line":5,"column":10},"end":{"line":5,"column":12}},"2":{"start":{"line":6,"column":20},"end":{"line":6,"column":22}},"3":{"start":{"line":9,"column":4},"end":{"line":9,"column":65}},"4":{"start":{"line":11,"column":26},"end":{"line":18,"column":6}},"5":{"start":{"line":12,"column":20},"end":{"line":12,"column":70}},"6":{"start":{"line":13,"column":4},"end":{"line":17,"column":7}},"7":{"start":{"line":14,"column":6},"end":{"line":16,"column":7}},"8":{"start":{"line":14,"column":19},"end":{"line":14,"column":20}},"9":{"start":{"line":15,"column":8},"end":{"line":15,"column":55}},"10":{"start":{"line":20,"column":4},"end":{"line":22,"column":6}},"11":{"start":{"line":25,"column":33},"end":{"line":25,"column":58}},"12":{"start":{"line":26,"column":22},"end":{"line":28,"column":6}},"13":{"start":{"line":27,"column":6},"end":{"line":27,"column":43}},"14":{"start":{"line":29,"column":4},"end":{"line":29,"column":21}},"15":{"start":{"line":32,"column":4},"end":{"line":32,"column":45}},"16":{"start":{"line":35,"column":4},"end":{"line":37,"column":5}},"17":{"start":{"line":36,"column":6},"end":{"line":36,"column":47}},"18":{"start":{"line":38,"column":23},"end":{"line":38,"column":38}},"19":{"start":{"line":39,"column":4},"end":{"line":39,"column":68}},"20":{"start":{"line":40,"column":4},"end":{"line":40,"column":50}},"21":{"start":{"line":41,"column":4},"end":{"line":41,"column":37}},"22":{"start":{"line":42,"column":4},"end":{"line":42,"column":22}},"23":{"start":{"line":45,"column":4},"end":{"line":47,"column":5}},"24":{"start":{"line":46,"column":6},"end":{"line":46,"column":52}},"25":{"start":{"line":48,"column":27},"end":{"line":48,"column":67}},"26":{"start":{"line":49,"column":4},"end":{"line":49,"column":42}},"27":{"start":{"line":50,"column":4},"end":{"line":50,"column":50}},"28":{"start":{"line":51,"column":4},"end":{"line":51,"column":37}},"29":{"start":{"line":52,"column":4},"end":{"line":52,"column":22}}},"fnMap":{"0":{"name":"(anonymous_0)","decl":{"start":{"line":2,"column":2},"end":{"line":2,"column":3}},"loc":{"start":{"line":2,"column":22},"end":{"line":4,"column":3}},"line":2},"1":{"name":"(anonymous_1)","decl":{"start":{"line":11,"column":27},"end":{"line":11,"column":28}},"loc":{"start":{"line":11,"column":33},"end":{"line":18,"column":3}},"line":11},"2":{"name":"(anonymous_2)","decl":{"start":{"line":13,"column":16},"end":{"line":13,"column":17}},"loc":{"start":{"line":13,"column":28},"end":{"line":17,"column":5}},"line":13},"3":{"name":"(anonymous_3)","decl":{"start":{"line":26,"column":50},"end":{"line":26,"column":51}},"loc":{"start":{"line":26,"column":70},"end":{"line":28,"column":5}},"line":26},"4":{"name":"(anonymous_4)","decl":{"start":{"line":34,"column":2},"end":{"line":34,"column":3}},"loc":{"start":{"line":34,"column":19},"end":{"line":43,"column":3}},"line":34},"5":{"name":"(anonymous_5)","decl":{"start":{"line":44,"column":2},"end":{"line":44,"column":3}},"loc":{"start":{"line":44,"column":34},"end":{"line":53,"column":3}},"line":44}},"branchMap":{"0":{"loc":{"start":{"line":35,"column":4},"end":{"line":37,"column":5}},"type":"if","locations":[{"start":{"line":35,"column":4},"end":{"line":37,"column":5}},{"start":{"line":35,"column":4},"end":{"line":37,"column":5}}],"line":35},"1":{"loc":{"start":{"line":45,"column":4},"end":{"line":47,"column":5}},"type":"if","locations":[{"start":{"line":45,"column":4},"end":{"line":47,"column":5}},{"start":{"line":45,"column":4},"end":{"line":47,"column":5}}],"line":45}},"s":{"0":7,"1":7,"2":7,"3":700,"4":7,"5":7,"6":7,"7":70,"8":70,"9":700,"10":102,"11":104,"12":104,"13":5448,"14":104,"15":104,"16":103,"17":1,"18":102,"19":102,"20":102,"21":102,"22":102,"23":3,"24":1,"25":2,"26":2,"27":2,"28":2,"29":2},"f":{"0":7,"1":7,"2":70,"3":5448,"4":103,"5":3},"b":{"0":[1,102],"1":[1,2]},"_coverageSchema":"1a1c01bbd47fc00a2c39e90264f33305004495a9","hash":"67307625c40da8063b9affe557172a0daf205210"}
,"/Users/poppins/web-dev/TOP/battleship/src/components/game/ship.js": {"path":"/Users/poppins/web-dev/TOP/battleship/src/components/game/ship.js","statementMap":{"0":{"start":{"line":3,"column":4},"end":{"line":3,"column":46}},"1":{"start":{"line":7,"column":17},"end":{"line":7,"column":32}},"2":{"start":{"line":8,"column":4},"end":{"line":8,"column":30}},"3":{"start":{"line":9,"column":4},"end":{"line":9,"column":16}},"4":{"start":{"line":12,"column":4},"end":{"line":12,"column":59}},"5":{"start":{"line":15,"column":4},"end":{"line":15,"column":60}},"6":{"start":{"line":15,"column":41},"end":{"line":15,"column":58}}},"fnMap":{"0":{"name":"(anonymous_0)","decl":{"start":{"line":2,"column":2},"end":{"line":2,"column":3}},"loc":{"start":{"line":2,"column":22},"end":{"line":4,"column":3}},"line":2},"1":{"name":"(anonymous_1)","decl":{"start":{"line":11,"column":2},"end":{"line":11,"column":3}},"loc":{"start":{"line":11,"column":20},"end":{"line":13,"column":3}},"line":11},"2":{"name":"(anonymous_2)","decl":{"start":{"line":14,"column":2},"end":{"line":14,"column":3}},"loc":{"start":{"line":14,"column":12},"end":{"line":16,"column":3}},"line":14},"3":{"name":"(anonymous_3)","decl":{"start":{"line":15,"column":27},"end":{"line":15,"column":28}},"loc":{"start":{"line":15,"column":41},"end":{"line":15,"column":58}},"line":15}},"branchMap":{},"s":{"0":32,"1":34,"2":34,"3":34,"4":34,"5":54,"6":179},"f":{"0":32,"1":34,"2":54,"3":179},"b":{},"_coverageSchema":"1a1c01bbd47fc00a2c39e90264f33305004495a9","hash":"2634154936b179e28b61cbcfd63869d9f26a8e23"}
,"/Users/poppins/web-dev/TOP/battleship/src/components/ui/homepage/homepage.js": {"path":"/Users/poppins/web-dev/TOP/battleship/src/components/ui/homepage/homepage.js","statementMap":{"0":{"start":{"line":9,"column":2},"end":{"line":9,"column":17}},"1":{"start":{"line":10,"column":2},"end":{"line":10,"column":22}},"2":{"start":{"line":11,"column":2},"end":{"line":11,"column":21}},"3":{"start":{"line":12,"column":2},"end":{"line":12,"column":27}},"4":{"start":{"line":13,"column":2},"end":{"line":13,"column":22}},"5":{"start":{"line":14,"column":2},"end":{"line":14,"column":23}}},"fnMap":{"0":{"name":"homepage","decl":{"start":{"line":8,"column":24},"end":{"line":8,"column":32}},"loc":{"start":{"line":8,"column":35},"end":{"line":15,"column":1}},"line":8}},"branchMap":{},"s":{"0":1,"1":1,"2":1,"3":1,"4":1,"5":1},"f":{"0":1},"b":{},"_coverageSchema":"1a1c01bbd47fc00a2c39e90264f33305004495a9","hash":"141267d0dc8baebad19fdb1c03e838d6ab647ad6"}
,"/Users/poppins/web-dev/TOP/battleship/src/components/ui/homepage/helpers/animations.js": {"path":"/Users/poppins/web-dev/TOP/battleship/src/components/ui/homepage/helpers/animations.js","statementMap":{"0":{"start":{"line":1,"column":19},"end":{"line":67,"column":4}},"1":{"start":{"line":2,"column":28},"end":{"line":20,"column":3}},"2":{"start":{"line":3,"column":22},"end":{"line":3,"column":50}},"3":{"start":{"line":4,"column":23},"end":{"line":4,"column":51}},"4":{"start":{"line":5,"column":4},"end":{"line":5,"column":45}},"5":{"start":{"line":6,"column":4},"end":{"line":6,"column":45}},"6":{"start":{"line":7,"column":4},"end":{"line":7,"column":40}},"7":{"start":{"line":8,"column":4},"end":{"line":8,"column":41}},"8":{"start":{"line":9,"column":4},"end":{"line":19,"column":5}},"9":{"start":{"line":10,"column":6},"end":{"line":10,"column":47}},"10":{"start":{"line":11,"column":6},"end":{"line":11,"column":47}},"11":{"start":{"line":12,"column":6},"end":{"line":12,"column":49}},"12":{"start":{"line":13,"column":6},"end":{"line":13,"column":51}},"13":{"start":{"line":15,"column":6},"end":{"line":15,"column":46}},"14":{"start":{"line":16,"column":6},"end":{"line":16,"column":48}},"15":{"start":{"line":17,"column":6},"end":{"line":17,"column":50}},"16":{"start":{"line":18,"column":6},"end":{"line":18,"column":50}},"17":{"start":{"line":22,"column":25},"end":{"line":40,"column":3}},"18":{"start":{"line":23,"column":22},"end":{"line":23,"column":50}},"19":{"start":{"line":24,"column":23},"end":{"line":24,"column":51}},"20":{"start":{"line":25,"column":4},"end":{"line":25,"column":41}},"21":{"start":{"line":26,"column":4},"end":{"line":26,"column":42}},"22":{"start":{"line":27,"column":4},"end":{"line":27,"column":40}},"23":{"start":{"line":28,"column":4},"end":{"line":28,"column":41}},"24":{"start":{"line":29,"column":4},"end":{"line":39,"column":5}},"25":{"start":{"line":30,"column":6},"end":{"line":30,"column":43}},"26":{"start":{"line":31,"column":6},"end":{"line":31,"column":44}},"27":{"start":{"line":32,"column":6},"end":{"line":32,"column":45}},"28":{"start":{"line":33,"column":6},"end":{"line":33,"column":46}},"29":{"start":{"line":35,"column":6},"end":{"line":35,"column":42}},"30":{"start":{"line":36,"column":6},"end":{"line":36,"column":43}},"31":{"start":{"line":37,"column":6},"end":{"line":37,"column":46}},"32":{"start":{"line":38,"column":6},"end":{"line":38,"column":47}},"33":{"start":{"line":42,"column":25},"end":{"line":60,"column":3}},"34":{"start":{"line":43,"column":22},"end":{"line":43,"column":51}},"35":{"start":{"line":44,"column":23},"end":{"line":44,"column":52}},"36":{"start":{"line":45,"column":4},"end":{"line":45,"column":41}},"37":{"start":{"line":46,"column":4},"end":{"line":46,"column":42}},"38":{"start":{"line":47,"column":4},"end":{"line":47,"column":40}},"39":{"start":{"line":48,"column":4},"end":{"line":48,"column":41}},"40":{"start":{"line":49,"column":4},"end":{"line":59,"column":5}},"41":{"start":{"line":50,"column":6},"end":{"line":50,"column":43}},"42":{"start":{"line":51,"column":6},"end":{"line":51,"column":44}},"43":{"start":{"line":52,"column":6},"end":{"line":52,"column":45}},"44":{"start":{"line":53,"column":6},"end":{"line":53,"column":46}},"45":{"start":{"line":55,"column":6},"end":{"line":55,"column":42}},"46":{"start":{"line":56,"column":6},"end":{"line":56,"column":43}},"47":{"start":{"line":57,"column":6},"end":{"line":57,"column":46}},"48":{"start":{"line":58,"column":6},"end":{"line":58,"column":47}},"49":{"start":{"line":62,"column":24},"end":{"line":62,"column":60}},"50":{"start":{"line":63,"column":16},"end":{"line":63,"column":49}},"51":{"start":{"line":64,"column":16},"end":{"line":64,"column":49}},"52":{"start":{"line":66,"column":2},"end":{"line":66,"column":41}}},"fnMap":{"0":{"name":"(anonymous_0)","decl":{"start":{"line":1,"column":20},"end":{"line":1,"column":21}},"loc":{"start":{"line":1,"column":26},"end":{"line":67,"column":1}},"line":1},"1":{"name":"(anonymous_1)","decl":{"start":{"line":2,"column":28},"end":{"line":2,"column":29}},"loc":{"start":{"line":2,"column":34},"end":{"line":20,"column":3}},"line":2},"2":{"name":"(anonymous_2)","decl":{"start":{"line":22,"column":25},"end":{"line":22,"column":26}},"loc":{"start":{"line":22,"column":31},"end":{"line":40,"column":3}},"line":22},"3":{"name":"(anonymous_3)","decl":{"start":{"line":42,"column":25},"end":{"line":42,"column":26}},"loc":{"start":{"line":42,"column":31},"end":{"line":60,"column":3}},"line":42}},"branchMap":{"0":{"loc":{"start":{"line":9,"column":4},"end":{"line":19,"column":5}},"type":"if","locations":[{"start":{"line":9,"column":4},"end":{"line":19,"column":5}},{"start":{"line":9,"column":4},"end":{"line":19,"column":5}}],"line":9},"1":{"loc":{"start":{"line":29,"column":4},"end":{"line":39,"column":5}},"type":"if","locations":[{"start":{"line":29,"column":4},"end":{"line":39,"column":5}},{"start":{"line":29,"column":4},"end":{"line":39,"column":5}}],"line":29},"2":{"loc":{"start":{"line":49,"column":4},"end":{"line":59,"column":5}},"type":"if","locations":[{"start":{"line":49,"column":4},"end":{"line":59,"column":5}},{"start":{"line":49,"column":4},"end":{"line":59,"column":5}}],"line":49}},"s":{"0":1,"1":1,"2":0,"3":0,"4":0,"5":0,"6":0,"7":0,"8":0,"9":0,"10":0,"11":0,"12":0,"13":0,"14":0,"15":0,"16":0,"17":1,"18":0,"19":0,"20":0,"21":0,"22":0,"23":0,"24":0,"25":0,"26":0,"27":0,"28":0,"29":0,"30":0,"31":0,"32":0,"33":1,"34":0,"35":0,"36":0,"37":0,"38":0,"39":0,"40":0,"41":0,"42":0,"43":0,"44":0,"45":0,"46":0,"47":0,"48":0,"49":1,"50":1,"51":1,"52":1},"f":{"0":1,"1":0,"2":0,"3":0},"b":{"0":[0,0],"1":[0,0],"2":[0,0]},"_coverageSchema":"1a1c01bbd47fc00a2c39e90264f33305004495a9","hash":"c077ee7a6e9d102a922628ae795ba2c77e3a16bb"}
,"/Users/poppins/web-dev/TOP/battleship/src/components/ui/homepage/helpers/battleship_tiles.js": {"path":"/Users/poppins/web-dev/TOP/battleship/src/components/ui/homepage/helpers/battleship_tiles.js","statementMap":{"0":{"start":{"line":3,"column":19},"end":{"line":14,"column":1}},"1":{"start":{"line":16,"column":0},"end":{"line":55,"column":5}},"2":{"start":{"line":17,"column":12},"end":{"line":17,"column":24}},"3":{"start":{"line":18,"column":2},"end":{"line":18,"column":22}},"4":{"start":{"line":19,"column":2},"end":{"line":19,"column":24}},"5":{"start":{"line":20,"column":2},"end":{"line":20,"column":24}},"6":{"start":{"line":22,"column":12},"end":{"line":22,"column":24}},"7":{"start":{"line":23,"column":2},"end":{"line":23,"column":22}},"8":{"start":{"line":24,"column":2},"end":{"line":24,"column":24}},"9":{"start":{"line":26,"column":13},"end":{"line":26,"column":26}},"10":{"start":{"line":27,"column":2},"end":{"line":27,"column":23}},"11":{"start":{"line":29,"column":13},"end":{"line":29,"column":26}},"12":{"start":{"line":30,"column":2},"end":{"line":30,"column":23}},"13":{"start":{"line":32,"column":12},"end":{"line":32,"column":24}},"14":{"start":{"line":33,"column":2},"end":{"line":33,"column":24}},"15":{"start":{"line":35,"column":12},"end":{"line":35,"column":24}},"16":{"start":{"line":36,"column":2},"end":{"line":36,"column":24}},"17":{"start":{"line":37,"column":2},"end":{"line":37,"column":24}},"18":{"start":{"line":38,"column":2},"end":{"line":38,"column":24}},"19":{"start":{"line":40,"column":12},"end":{"line":40,"column":24}},"20":{"start":{"line":41,"column":2},"end":{"line":41,"column":24}},"21":{"start":{"line":42,"column":2},"end":{"line":42,"column":24}},"22":{"start":{"line":43,"column":2},"end":{"line":43,"column":24}},"23":{"start":{"line":45,"column":12},"end":{"line":45,"column":24}},"24":{"start":{"line":46,"column":2},"end":{"line":46,"column":24}},"25":{"start":{"line":48,"column":12},"end":{"line":48,"column":24}},"26":{"start":{"line":49,"column":2},"end":{"line":49,"column":24}},"27":{"start":{"line":50,"column":2},"end":{"line":50,"column":24}},"28":{"start":{"line":52,"column":12},"end":{"line":52,"column":24}},"29":{"start":{"line":53,"column":2},"end":{"line":53,"column":24}},"30":{"start":{"line":54,"column":2},"end":{"line":54,"column":24}}},"fnMap":{"0":{"name":"ez_loader","decl":{"start":{"line":16,"column":10},"end":{"line":16,"column":19}},"loc":{"start":{"line":16,"column":22},"end":{"line":55,"column":1}},"line":16}},"branchMap":{},"s":{"0":1,"1":1,"2":1,"3":1,"4":1,"5":1,"6":1,"7":1,"8":1,"9":1,"10":1,"11":1,"12":1,"13":1,"14":1,"15":1,"16":1,"17":1,"18":1,"19":1,"20":1,"21":1,"22":1,"23":1,"24":1,"25":1,"26":1,"27":1,"28":1,"29":1,"30":1},"f":{"0":1},"b":{},"_coverageSchema":"1a1c01bbd47fc00a2c39e90264f33305004495a9","hash":"6c8b5a2f2ea5d61a720ba0dc4497974a12722876"}
,"/Users/poppins/web-dev/TOP/battleship/src/components/ui/homepage/helpers/color_battleship_tiles.js": {"path":"/Users/poppins/web-dev/TOP/battleship/src/components/ui/homepage/helpers/color_battleship_tiles.js","statementMap":{"0":{"start":{"line":5,"column":2},"end":{"line":7,"column":3}},"1":{"start":{"line":6,"column":4},"end":{"line":6,"column":51}}},"fnMap":{"0":{"name":"color_battleship_tiles","decl":{"start":{"line":4,"column":24},"end":{"line":4,"column":46}},"loc":{"start":{"line":4,"column":49},"end":{"line":8,"column":1}},"line":4}},"branchMap":{},"s":{"0":1,"1":10},"f":{"0":1},"b":{},"_coverageSchema":"1a1c01bbd47fc00a2c39e90264f33305004495a9","hash":"4e77df5742d54dbe28f2751fad6ec7df9d15b92d"}
,"/Users/poppins/web-dev/TOP/battleship/src/components/ui/homepage/helpers/color_ship_tiles.js": {"path":"/Users/poppins/web-dev/TOP/battleship/src/components/ui/homepage/helpers/color_ship_tiles.js","statementMap":{"0":{"start":{"line":5,"column":2},"end":{"line":43,"column":7}},"1":{"start":{"line":6,"column":4},"end":{"line":6,"column":66}},"2":{"start":{"line":7,"column":4},"end":{"line":7,"column":49}},"3":{"start":{"line":8,"column":4},"end":{"line":8,"column":54}},"4":{"start":{"line":9,"column":4},"end":{"line":9,"column":56}},"5":{"start":{"line":10,"column":4},"end":{"line":10,"column":56}},"6":{"start":{"line":11,"column":4},"end":{"line":11,"column":80}},"7":{"start":{"line":12,"column":4},"end":{"line":15,"column":6}},"8":{"start":{"line":17,"column":14},"end":{"line":17,"column":43}},"9":{"start":{"line":18,"column":14},"end":{"line":18,"column":43}},"10":{"start":{"line":19,"column":14},"end":{"line":19,"column":43}},"11":{"start":{"line":20,"column":16},"end":{"line":20,"column":45}},"12":{"start":{"line":21,"column":17},"end":{"line":21,"column":46}},"13":{"start":{"line":22,"column":14},"end":{"line":22,"column":43}},"14":{"start":{"line":23,"column":14},"end":{"line":23,"column":43}},"15":{"start":{"line":24,"column":15},"end":{"line":24,"column":44}},"16":{"start":{"line":25,"column":14},"end":{"line":25,"column":43}},"17":{"start":{"line":26,"column":15},"end":{"line":26,"column":44}},"18":{"start":{"line":27,"column":14},"end":{"line":27,"column":43}},"19":{"start":{"line":28,"column":16},"end":{"line":28,"column":56}},"20":{"start":{"line":29,"column":4},"end":{"line":31,"column":7}},"21":{"start":{"line":30,"column":6},"end":{"line":30,"column":38}},"22":{"start":{"line":32,"column":4},"end":{"line":32,"column":22}},"23":{"start":{"line":33,"column":4},"end":{"line":33,"column":22}},"24":{"start":{"line":34,"column":4},"end":{"line":34,"column":22}},"25":{"start":{"line":35,"column":4},"end":{"line":35,"column":24}},"26":{"start":{"line":36,"column":4},"end":{"line":36,"column":25}},"27":{"start":{"line":37,"column":4},"end":{"line":37,"column":22}},"28":{"start":{"line":38,"column":4},"end":{"line":38,"column":22}},"29":{"start":{"line":39,"column":4},"end":{"line":39,"column":23}},"30":{"start":{"line":40,"column":4},"end":{"line":40,"column":22}},"31":{"start":{"line":41,"column":4},"end":{"line":41,"column":23}},"32":{"start":{"line":42,"column":4},"end":{"line":42,"column":22}},"33":{"start":{"line":45,"column":2},"end":{"line":76,"column":7}},"34":{"start":{"line":46,"column":4},"end":{"line":46,"column":68}},"35":{"start":{"line":47,"column":4},"end":{"line":47,"column":51}},"36":{"start":{"line":48,"column":4},"end":{"line":48,"column":58}},"37":{"start":{"line":49,"column":4},"end":{"line":49,"column":56}},"38":{"start":{"line":50,"column":4},"end":{"line":50,"column":58}},"39":{"start":{"line":51,"column":4},"end":{"line":54,"column":6}},"40":{"start":{"line":55,"column":4},"end":{"line":58,"column":6}},"41":{"start":{"line":60,"column":14},"end":{"line":60,"column":43}},"42":{"start":{"line":61,"column":14},"end":{"line":61,"column":43}},"43":{"start":{"line":62,"column":14},"end":{"line":62,"column":43}},"44":{"start":{"line":63,"column":14},"end":{"line":63,"column":43}},"45":{"start":{"line":64,"column":14},"end":{"line":64,"column":43}},"46":{"start":{"line":65,"column":14},"end":{"line":65,"column":43}},"47":{"start":{"line":66,"column":16},"end":{"line":66,"column":34}},"48":{"start":{"line":67,"column":4},"end":{"line":69,"column":7}},"49":{"start":{"line":68,"column":6},"end":{"line":68,"column":38}},"50":{"start":{"line":70,"column":4},"end":{"line":70,"column":22}},"51":{"start":{"line":71,"column":4},"end":{"line":71,"column":22}},"52":{"start":{"line":72,"column":4},"end":{"line":72,"column":22}},"53":{"start":{"line":73,"column":4},"end":{"line":73,"column":22}},"54":{"start":{"line":74,"column":4},"end":{"line":74,"column":22}},"55":{"start":{"line":75,"column":4},"end":{"line":75,"column":22}},"56":{"start":{"line":78,"column":2},"end":{"line":83,"column":7}},"57":{"start":{"line":80,"column":4},"end":{"line":80,"column":56}},"58":{"start":{"line":81,"column":4},"end":{"line":81,"column":64}},"59":{"start":{"line":82,"column":4},"end":{"line":82,"column":66}}},"fnMap":{"0":{"name":"color_ship_tiles","decl":{"start":{"line":4,"column":24},"end":{"line":4,"column":40}},"loc":{"start":{"line":4,"column":43},"end":{"line":84,"column":1}},"line":4},"1":{"name":"carrier","decl":{"start":{"line":5,"column":12},"end":{"line":5,"column":19}},"loc":{"start":{"line":5,"column":22},"end":{"line":43,"column":3}},"line":5},"2":{"name":"(anonymous_2)","decl":{"start":{"line":29,"column":12},"end":{"line":29,"column":13}},"loc":{"start":{"line":29,"column":22},"end":{"line":31,"column":5}},"line":29},"3":{"name":"destroyer","decl":{"start":{"line":45,"column":12},"end":{"line":45,"column":21}},"loc":{"start":{"line":45,"column":24},"end":{"line":76,"column":3}},"line":45},"4":{"name":"(anonymous_4)","decl":{"start":{"line":67,"column":12},"end":{"line":67,"column":13}},"loc":{"start":{"line":67,"column":22},"end":{"line":69,"column":5}},"line":67},"5":{"name":"submarine","decl":{"start":{"line":78,"column":12},"end":{"line":78,"column":21}},"loc":{"start":{"line":78,"column":24},"end":{"line":83,"column":3}},"line":78}},"branchMap":{},"s":{"0":1,"1":1,"2":1,"3":1,"4":1,"5":1,"6":1,"7":1,"8":1,"9":1,"10":1,"11":1,"12":1,"13":1,"14":1,"15":1,"16":1,"17":1,"18":1,"19":1,"20":1,"21":11,"22":1,"23":1,"24":1,"25":1,"26":1,"27":1,"28":1,"29":1,"30":1,"31":1,"32":1,"33":1,"34":1,"35":1,"36":1,"37":1,"38":1,"39":1,"40":1,"41":1,"42":1,"43":1,"44":1,"45":1,"46":1,"47":1,"48":1,"49":6,"50":1,"51":1,"52":1,"53":1,"54":1,"55":1,"56":1,"57":1,"58":1,"59":1},"f":{"0":1,"1":1,"2":11,"3":1,"4":6,"5":1},"b":{},"_coverageSchema":"1a1c01bbd47fc00a2c39e90264f33305004495a9","hash":"5f8d6e8b561826d6dacc4f5f82a3ac8285a5e38e"}
,"/Users/poppins/web-dev/TOP/battleship/src/components/ui/homepage/helpers/color_start_tiles.js": {"path":"/Users/poppins/web-dev/TOP/battleship/src/components/ui/homepage/helpers/color_start_tiles.js","statementMap":{"0":{"start":{"line":4,"column":14},"end":{"line":4,"column":23}},"1":{"start":{"line":5,"column":2},"end":{"line":9,"column":5}},"2":{"start":{"line":6,"column":17},"end":{"line":6,"column":60}},"3":{"start":{"line":7,"column":4},"end":{"line":7,"column":46}},"4":{"start":{"line":8,"column":4},"end":{"line":8,"column":37}}},"fnMap":{"0":{"name":"color_start_tiles","decl":{"start":{"line":3,"column":24},"end":{"line":3,"column":41}},"loc":{"start":{"line":3,"column":44},"end":{"line":10,"column":1}},"line":3},"1":{"name":"(anonymous_1)","decl":{"start":{"line":5,"column":10},"end":{"line":5,"column":11}},"loc":{"start":{"line":5,"column":23},"end":{"line":9,"column":3}},"line":5}},"branchMap":{},"s":{"0":1,"1":1,"2":196,"3":196,"4":196},"f":{"0":1,"1":196},"b":{},"_coverageSchema":"1a1c01bbd47fc00a2c39e90264f33305004495a9","hash":"1f827ec0fe1b774e8cd0fb10aff558e5dce39063"}
,"/Users/poppins/web-dev/TOP/battleship/src/components/ui/homepage/helpers/color_water_tiles.js": {"path":"/Users/poppins/web-dev/TOP/battleship/src/components/ui/homepage/helpers/color_water_tiles.js","statementMap":{"0":{"start":{"line":2,"column":18},"end":{"line":14,"column":3}},"1":{"start":{"line":15,"column":22},"end":{"line":15,"column":74}},"2":{"start":{"line":16,"column":2},"end":{"line":19,"column":5}},"3":{"start":{"line":17,"column":26},"end":{"line":17,"column":56}},"4":{"start":{"line":18,"column":4},"end":{"line":18,"column":47}}},"fnMap":{"0":{"name":"color_water_tiles","decl":{"start":{"line":1,"column":24},"end":{"line":1,"column":41}},"loc":{"start":{"line":1,"column":44},"end":{"line":20,"column":1}},"line":1},"1":{"name":"(anonymous_1)","decl":{"start":{"line":16,"column":18},"end":{"line":16,"column":19}},"loc":{"start":{"line":16,"column":28},"end":{"line":19,"column":3}},"line":16}},"branchMap":{},"s":{"0":1,"1":1,"2":1,"3":1840,"4":1840},"f":{"0":1,"1":1840},"b":{},"_coverageSchema":"1a1c01bbd47fc00a2c39e90264f33305004495a9","hash":"e1bd1f381fab3b157b39bbc68fe0a0bdcf968e8c"}
,"/Users/poppins/web-dev/TOP/battleship/src/components/ui/homepage/helpers/helpers.js": {"path":"/Users/poppins/web-dev/TOP/battleship/src/components/ui/homepage/helpers/helpers.js","statementMap":{"0":{"start":{"line":1,"column":17},"end":{"line":5,"column":1}},"1":{"start":{"line":2,"column":2},"end":{"line":4,"column":3}},"2":{"start":{"line":2,"column":15},"end":{"line":2,"column":18}},"3":{"start":{"line":3,"column":4},"end":{"line":3,"column":25}},"4":{"start":{"line":7,"column":26},"end":{"line":14,"column":1}},"5":{"start":{"line":8,"column":2},"end":{"line":13,"column":5}},"6":{"start":{"line":9,"column":17},"end":{"line":9,"column":49}},"7":{"start":{"line":10,"column":4},"end":{"line":10,"column":35}},"8":{"start":{"line":11,"column":4},"end":{"line":11,"column":31}},"9":{"start":{"line":12,"column":4},"end":{"line":12,"column":36}}},"fnMap":{"0":{"name":"(anonymous_0)","decl":{"start":{"line":1,"column":17},"end":{"line":1,"column":18}},"loc":{"start":{"line":1,"column":45},"end":{"line":5,"column":1}},"line":1},"1":{"name":"(anonymous_1)","decl":{"start":{"line":7,"column":26},"end":{"line":7,"column":27}},"loc":{"start":{"line":7,"column":56},"end":{"line":14,"column":1}},"line":7},"2":{"name":"(anonymous_2)","decl":{"start":{"line":8,"column":18},"end":{"line":8,"column":19}},"loc":{"start":{"line":8,"column":31},"end":{"line":13,"column":3}},"line":8}},"branchMap":{},"s":{"0":1,"1":77,"2":77,"3":830,"4":1,"5":27,"6":1005,"7":1005,"8":1005,"9":1005},"f":{"0":77,"1":27,"2":1005},"b":{},"_coverageSchema":"1a1c01bbd47fc00a2c39e90264f33305004495a9","hash":"e155cffabf28191ad0f3ab53b08e8848dd1c28c7"}
,"/Users/poppins/web-dev/TOP/battleship/src/components/ui/homepage/helpers/listeners_handlers.js": {"path":"/Users/poppins/web-dev/TOP/battleship/src/components/ui/homepage/helpers/listeners_handlers.js","statementMap":{"0":{"start":{"line":5,"column":23},"end":{"line":5,"column":62}},"1":{"start":{"line":7,"column":37},"end":{"line":23,"column":3}},"2":{"start":{"line":8,"column":42},"end":{"line":10,"column":5}},"3":{"start":{"line":11,"column":4},"end":{"line":14,"column":7}},"4":{"start":{"line":12,"column":6},"end":{"line":12,"column":53}},"5":{"start":{"line":13,"column":6},"end":{"line":13,"column":48}},"6":{"start":{"line":16,"column":36},"end":{"line":18,"column":5}},"7":{"start":{"line":19,"column":4},"end":{"line":22,"column":7}},"8":{"start":{"line":20,"column":6},"end":{"line":20,"column":47}},"9":{"start":{"line":21,"column":6},"end":{"line":21,"column":42}},"10":{"start":{"line":25,"column":37},"end":{"line":40,"column":3}},"11":{"start":{"line":26,"column":42},"end":{"line":28,"column":5}},"12":{"start":{"line":29,"column":4},"end":{"line":32,"column":7}},"13":{"start":{"line":30,"column":6},"end":{"line":30,"column":45}},"14":{"start":{"line":31,"column":6},"end":{"line":31,"column":56}},"15":{"start":{"line":33,"column":36},"end":{"line":35,"column":5}},"16":{"start":{"line":36,"column":4},"end":{"line":39,"column":7}},"17":{"start":{"line":37,"column":6},"end":{"line":37,"column":39}},"18":{"start":{"line":38,"column":6},"end":{"line":38,"column":50}},"19":{"start":{"line":41,"column":37},"end":{"line":48,"column":3}},"20":{"start":{"line":42,"column":4},"end":{"line":45,"column":5}},"21":{"start":{"line":43,"column":23},"end":{"line":43,"column":43}},"22":{"start":{"line":44,"column":6},"end":{"line":44,"column":30}},"23":{"start":{"line":46,"column":4},"end":{"line":46,"column":53}},"24":{"start":{"line":47,"column":4},"end":{"line":47,"column":18}},"25":{"start":{"line":50,"column":2},"end":{"line":50,"column":74}},"26":{"start":{"line":51,"column":2},"end":{"line":51,"column":74}},"27":{"start":{"line":52,"column":2},"end":{"line":52,"column":69}}},"fnMap":{"0":{"name":"listeners_handlers","decl":{"start":{"line":4,"column":24},"end":{"line":4,"column":42}},"loc":{"start":{"line":4,"column":45},"end":{"line":53,"column":1}},"line":4},"1":{"name":"(anonymous_1)","decl":{"start":{"line":7,"column":37},"end":{"line":7,"column":38}},"loc":{"start":{"line":7,"column":43},"end":{"line":23,"column":3}},"line":7},"2":{"name":"(anonymous_2)","decl":{"start":{"line":11,"column":38},"end":{"line":11,"column":39}},"loc":{"start":{"line":11,"column":48},"end":{"line":14,"column":5}},"line":11},"3":{"name":"(anonymous_3)","decl":{"start":{"line":19,"column":32},"end":{"line":19,"column":33}},"loc":{"start":{"line":19,"column":42},"end":{"line":22,"column":5}},"line":19},"4":{"name":"(anonymous_4)","decl":{"start":{"line":25,"column":37},"end":{"line":25,"column":38}},"loc":{"start":{"line":25,"column":43},"end":{"line":40,"column":3}},"line":25},"5":{"name":"(anonymous_5)","decl":{"start":{"line":29,"column":38},"end":{"line":29,"column":39}},"loc":{"start":{"line":29,"column":48},"end":{"line":32,"column":5}},"line":29},"6":{"name":"(anonymous_6)","decl":{"start":{"line":36,"column":32},"end":{"line":36,"column":33}},"loc":{"start":{"line":36,"column":42},"end":{"line":39,"column":5}},"line":36},"7":{"name":"(anonymous_7)","decl":{"start":{"line":41,"column":37},"end":{"line":41,"column":38}},"loc":{"start":{"line":41,"column":43},"end":{"line":48,"column":3}},"line":41}},"branchMap":{},"s":{"0":1,"1":1,"2":0,"3":0,"4":0,"5":0,"6":0,"7":0,"8":0,"9":0,"10":1,"11":0,"12":0,"13":0,"14":0,"15":0,"16":0,"17":0,"18":0,"19":1,"20":0,"21":0,"22":0,"23":0,"24":0,"25":1,"26":1,"27":1},"f":{"0":1,"1":0,"2":0,"3":0,"4":0,"5":0,"6":0,"7":0},"b":{},"_coverageSchema":"1a1c01bbd47fc00a2c39e90264f33305004495a9","hash":"e97616a3908023065428eb3b3d34ca04da478b2a"}
,"/Users/poppins/web-dev/TOP/battleship/src/components/ui/homepage/helpers/render_tiles.js": {"path":"/Users/poppins/web-dev/TOP/battleship/src/components/ui/homepage/helpers/render_tiles.js","statementMap":{"0":{"start":{"line":2,"column":15},"end":{"line":2,"column":45}},"1":{"start":{"line":3,"column":18},"end":{"line":3,"column":47}},"2":{"start":{"line":4,"column":16},"end":{"line":4,"column":45}},"3":{"start":{"line":5,"column":2},"end":{"line":5,"column":27}},"4":{"start":{"line":6,"column":2},"end":{"line":6,"column":28}},"5":{"start":{"line":7,"column":2},"end":{"line":7,"column":28}},"6":{"start":{"line":8,"column":2},"end":{"line":13,"column":3}},"7":{"start":{"line":8,"column":15},"end":{"line":8,"column":16}},"8":{"start":{"line":9,"column":17},"end":{"line":9,"column":46}},"9":{"start":{"line":10,"column":4},"end":{"line":10,"column":16}},"10":{"start":{"line":11,"column":4},"end":{"line":11,"column":44}},"11":{"start":{"line":12,"column":4},"end":{"line":12,"column":25}},"12":{"start":{"line":14,"column":2},"end":{"line":19,"column":3}},"13":{"start":{"line":14,"column":15},"end":{"line":14,"column":16}},"14":{"start":{"line":15,"column":17},"end":{"line":15,"column":46}},"15":{"start":{"line":16,"column":4},"end":{"line":16,"column":27}},"16":{"start":{"line":17,"column":4},"end":{"line":17,"column":51}},"17":{"start":{"line":18,"column":4},"end":{"line":18,"column":23}},"18":{"start":{"line":20,"column":2},"end":{"line":20,"column":23}},"19":{"start":{"line":21,"column":2},"end":{"line":21,"column":21}},"20":{"start":{"line":22,"column":2},"end":{"line":22,"column":29}}},"fnMap":{"0":{"name":"render_tiles","decl":{"start":{"line":1,"column":24},"end":{"line":1,"column":36}},"loc":{"start":{"line":1,"column":39},"end":{"line":23,"column":1}},"line":1}},"branchMap":{},"s":{"0":1,"1":1,"2":1,"3":1,"4":1,"5":1,"6":1,"7":1,"8":2800,"9":2800,"10":2800,"11":2800,"12":1,"13":1,"14":700,"15":700,"16":700,"17":700,"18":1,"19":1,"20":1},"f":{"0":1},"b":{},"_coverageSchema":"1a1c01bbd47fc00a2c39e90264f33305004495a9","hash":"313dae4b1f5c78debf95df6a1d9529daa26cd70b"}
,"/Users/poppins/web-dev/TOP/battleship/src/components/ui/homepage/helpers/ship_tiles.js": {"path":"/Users/poppins/web-dev/TOP/battleship/src/components/ui/homepage/helpers/ship_tiles.js","statementMap":{"0":{"start":{"line":3,"column":16},"end":{"line":32,"column":1}},"1":{"start":{"line":34,"column":18},"end":{"line":47,"column":1}},"2":{"start":{"line":49,"column":18},"end":{"line":54,"column":1}},"3":{"start":{"line":56,"column":0},"end":{"line":95,"column":5}},"4":{"start":{"line":57,"column":18},"end":{"line":57,"column":39}},"5":{"start":{"line":58,"column":2},"end":{"line":58,"column":32}},"6":{"start":{"line":59,"column":2},"end":{"line":59,"column":32}},"7":{"start":{"line":60,"column":2},"end":{"line":60,"column":32}},"8":{"start":{"line":61,"column":2},"end":{"line":61,"column":32}},"9":{"start":{"line":62,"column":2},"end":{"line":62,"column":32}},"10":{"start":{"line":63,"column":2},"end":{"line":63,"column":32}},"11":{"start":{"line":65,"column":15},"end":{"line":65,"column":27}},"12":{"start":{"line":66,"column":2},"end":{"line":66,"column":29}},"13":{"start":{"line":67,"column":2},"end":{"line":67,"column":29}},"14":{"start":{"line":68,"column":2},"end":{"line":68,"column":29}},"15":{"start":{"line":69,"column":2},"end":{"line":69,"column":29}},"16":{"start":{"line":70,"column":2},"end":{"line":70,"column":29}},"17":{"start":{"line":71,"column":2},"end":{"line":71,"column":29}},"18":{"start":{"line":72,"column":2},"end":{"line":72,"column":29}},"19":{"start":{"line":73,"column":2},"end":{"line":73,"column":29}},"20":{"start":{"line":74,"column":2},"end":{"line":74,"column":29}},"21":{"start":{"line":75,"column":2},"end":{"line":75,"column":29}},"22":{"start":{"line":76,"column":2},"end":{"line":76,"column":29}},"23":{"start":{"line":77,"column":2},"end":{"line":77,"column":29}},"24":{"start":{"line":78,"column":2},"end":{"line":78,"column":29}},"25":{"start":{"line":79,"column":2},"end":{"line":79,"column":29}},"26":{"start":{"line":80,"column":2},"end":{"line":80,"column":29}},"27":{"start":{"line":82,"column":20},"end":{"line":82,"column":37}},"28":{"start":{"line":83,"column":2},"end":{"line":83,"column":34}},"29":{"start":{"line":84,"column":2},"end":{"line":84,"column":34}},"30":{"start":{"line":85,"column":2},"end":{"line":85,"column":34}},"31":{"start":{"line":86,"column":2},"end":{"line":86,"column":34}},"32":{"start":{"line":87,"column":2},"end":{"line":87,"column":34}},"33":{"start":{"line":88,"column":2},"end":{"line":88,"column":34}},"34":{"start":{"line":90,"column":21},"end":{"line":90,"column":39}},"35":{"start":{"line":91,"column":2},"end":{"line":91,"column":35}},"36":{"start":{"line":93,"column":33},"end":{"line":93,"column":63}},"37":{"start":{"line":94,"column":2},"end":{"line":94,"column":47}},"38":{"start":{"line":97,"column":0},"end":{"line":118,"column":5}},"39":{"start":{"line":98,"column":18},"end":{"line":98,"column":41}},"40":{"start":{"line":99,"column":2},"end":{"line":99,"column":32}},"41":{"start":{"line":101,"column":15},"end":{"line":101,"column":29}},"42":{"start":{"line":102,"column":2},"end":{"line":102,"column":29}},"43":{"start":{"line":103,"column":2},"end":{"line":103,"column":29}},"44":{"start":{"line":105,"column":21},"end":{"line":105,"column":41}},"45":{"start":{"line":106,"column":2},"end":{"line":106,"column":35}},"46":{"start":{"line":107,"column":2},"end":{"line":107,"column":35}},"47":{"start":{"line":108,"column":2},"end":{"line":108,"column":35}},"48":{"start":{"line":109,"column":2},"end":{"line":109,"column":35}},"49":{"start":{"line":111,"column":20},"end":{"line":111,"column":39}},"50":{"start":{"line":112,"column":2},"end":{"line":112,"column":34}},"51":{"start":{"line":113,"column":2},"end":{"line":113,"column":34}},"52":{"start":{"line":114,"column":2},"end":{"line":114,"column":34}},"53":{"start":{"line":116,"column":33},"end":{"line":116,"column":65}},"54":{"start":{"line":117,"column":2},"end":{"line":117,"column":47}}},"fnMap":{"0":{"name":"carrier_ez_loader","decl":{"start":{"line":56,"column":10},"end":{"line":56,"column":27}},"loc":{"start":{"line":56,"column":30},"end":{"line":95,"column":1}},"line":56},"1":{"name":"destroyer_ez_loader","decl":{"start":{"line":97,"column":10},"end":{"line":97,"column":29}},"loc":{"start":{"line":97,"column":32},"end":{"line":118,"column":1}},"line":97}},"branchMap":{},"s":{"0":1,"1":1,"2":1,"3":1,"4":1,"5":1,"6":1,"7":1,"8":1,"9":1,"10":1,"11":1,"12":1,"13":1,"14":1,"15":1,"16":1,"17":1,"18":1,"19":1,"20":1,"21":1,"22":1,"23":1,"24":1,"25":1,"26":1,"27":1,"28":1,"29":1,"30":1,"31":1,"32":1,"33":1,"34":1,"35":1,"36":1,"37":1,"38":1,"39":1,"40":1,"41":1,"42":1,"43":1,"44":1,"45":1,"46":1,"47":1,"48":1,"49":1,"50":1,"51":1,"52":1,"53":1,"54":1},"f":{"0":1,"1":1},"b":{},"_coverageSchema":"1a1c01bbd47fc00a2c39e90264f33305004495a9","hash":"f971e2e146df074a0bd59a6fdba9cda3c1f39a78"}
,"/Users/poppins/web-dev/TOP/battleship/src/components/ui/homepage/helpers/start_tiles.js": {"path":"/Users/poppins/web-dev/TOP/battleship/src/components/ui/homepage/helpers/start_tiles.js","statementMap":{"0":{"start":{"line":3,"column":14},"end":{"line":16,"column":1}},"1":{"start":{"line":18,"column":0},"end":{"line":55,"column":5}},"2":{"start":{"line":19,"column":12},"end":{"line":19,"column":19}},"3":{"start":{"line":20,"column":2},"end":{"line":20,"column":22}},"4":{"start":{"line":21,"column":2},"end":{"line":21,"column":24}},"5":{"start":{"line":22,"column":2},"end":{"line":22,"column":24}},"6":{"start":{"line":23,"column":2},"end":{"line":23,"column":24}},"7":{"start":{"line":24,"column":2},"end":{"line":24,"column":24}},"8":{"start":{"line":25,"column":2},"end":{"line":25,"column":24}},"9":{"start":{"line":27,"column":13},"end":{"line":27,"column":21}},"10":{"start":{"line":28,"column":2},"end":{"line":28,"column":23}},"11":{"start":{"line":29,"column":2},"end":{"line":29,"column":25}},"12":{"start":{"line":31,"column":12},"end":{"line":31,"column":19}},"13":{"start":{"line":32,"column":2},"end":{"line":32,"column":24}},"14":{"start":{"line":33,"column":2},"end":{"line":33,"column":24}},"15":{"start":{"line":34,"column":2},"end":{"line":34,"column":24}},"16":{"start":{"line":35,"column":2},"end":{"line":35,"column":24}},"17":{"start":{"line":37,"column":12},"end":{"line":37,"column":19}},"18":{"start":{"line":38,"column":2},"end":{"line":38,"column":24}},"19":{"start":{"line":39,"column":2},"end":{"line":39,"column":24}},"20":{"start":{"line":40,"column":2},"end":{"line":40,"column":24}},"21":{"start":{"line":41,"column":2},"end":{"line":41,"column":24}},"22":{"start":{"line":43,"column":13},"end":{"line":43,"column":21}},"23":{"start":{"line":44,"column":2},"end":{"line":44,"column":25}},"24":{"start":{"line":45,"column":2},"end":{"line":45,"column":25}},"25":{"start":{"line":47,"column":2},"end":{"line":54,"column":3}},"26":{"start":{"line":48,"column":4},"end":{"line":50,"column":5}},"27":{"start":{"line":49,"column":6},"end":{"line":49,"column":12}},"28":{"start":{"line":51,"column":4},"end":{"line":53,"column":7}},"29":{"start":{"line":52,"column":6},"end":{"line":52,"column":29}}},"fnMap":{"0":{"name":"ez_loader","decl":{"start":{"line":18,"column":10},"end":{"line":18,"column":19}},"loc":{"start":{"line":18,"column":22},"end":{"line":55,"column":1}},"line":18},"1":{"name":"(anonymous_1)","decl":{"start":{"line":51,"column":22},"end":{"line":51,"column":23}},"loc":{"start":{"line":51,"column":34},"end":{"line":53,"column":5}},"line":51}},"branchMap":{"0":{"loc":{"start":{"line":48,"column":4},"end":{"line":50,"column":5}},"type":"if","locations":[{"start":{"line":48,"column":4},"end":{"line":50,"column":5}},{"start":{"line":48,"column":4},"end":{"line":50,"column":5}}],"line":48}},"s":{"0":1,"1":1,"2":1,"3":1,"4":1,"5":1,"6":1,"7":1,"8":1,"9":1,"10":1,"11":1,"12":1,"13":1,"14":1,"15":1,"16":1,"17":1,"18":1,"19":1,"20":1,"21":1,"22":1,"23":1,"24":1,"25":1,"26":6,"27":1,"28":5,"29":196},"f":{"0":1,"1":196},"b":{"0":[1,5]},"_coverageSchema":"1a1c01bbd47fc00a2c39e90264f33305004495a9","hash":"ba16976063cf22ca667fab3588fa0e1c6602dfae"}
,"/Users/poppins/web-dev/TOP/battleship/src/components/ui/place_ships/place_ships.js": {"path":"/Users/poppins/web-dev/TOP/battleship/src/components/ui/place_ships/place_ships.js","statementMap":{"0":{"start":{"line":5,"column":2},"end":{"line":5,"column":17}},"1":{"start":{"line":6,"column":2},"end":{"line":6,"column":20}}},"fnMap":{"0":{"name":"place_ships","decl":{"start":{"line":4,"column":24},"end":{"line":4,"column":35}},"loc":{"start":{"line":4,"column":38},"end":{"line":7,"column":1}},"line":4}},"branchMap":{},"s":{"0":0,"1":0},"f":{"0":0},"b":{},"_coverageSchema":"1a1c01bbd47fc00a2c39e90264f33305004495a9","hash":"54ad932eca99f5b252dba127bcb39c4a8a132233"}
,"/Users/poppins/web-dev/TOP/battleship/src/components/ui/place_ships/helpers/coordinates.js": {"path":"/Users/poppins/web-dev/TOP/battleship/src/components/ui/place_ships/helpers/coordinates.js","statementMap":{"0":{"start":{"line":1,"column":20},"end":{"line":1,"column":22}},"1":{"start":{"line":2,"column":16},"end":{"line":2,"column":66}},"2":{"start":{"line":3,"column":16},"end":{"line":3,"column":46}},"3":{"start":{"line":4,"column":0},"end":{"line":8,"column":3}},"4":{"start":{"line":5,"column":2},"end":{"line":7,"column":5}},"5":{"start":{"line":6,"column":4},"end":{"line":6,"column":43}}},"fnMap":{"0":{"name":"(anonymous_0)","decl":{"start":{"line":4,"column":12},"end":{"line":4,"column":13}},"loc":{"start":{"line":4,"column":24},"end":{"line":8,"column":1}},"line":4},"1":{"name":"(anonymous_1)","decl":{"start":{"line":5,"column":14},"end":{"line":5,"column":15}},"loc":{"start":{"line":5,"column":26},"end":{"line":7,"column":3}},"line":5}},"branchMap":{},"s":{"0":1,"1":1,"2":1,"3":1,"4":10,"5":100},"f":{"0":10,"1":100},"b":{},"_coverageSchema":"1a1c01bbd47fc00a2c39e90264f33305004495a9","hash":"78a191e5d783d75ac898edfe0085a04c30477064"}
,"/Users/poppins/web-dev/TOP/battleship/src/components/ui/place_ships/helpers/logic_listeners.js": {"path":"/Users/poppins/web-dev/TOP/battleship/src/components/ui/place_ships/helpers/logic_listeners.js","statementMap":{"0":{"start":{"line":5,"column":27},"end":{"line":5,"column":28}},"1":{"start":{"line":6,"column":20},"end":{"line":6,"column":32}},"2":{"start":{"line":7,"column":16},"end":{"line":7,"column":75}},"3":{"start":{"line":8,"column":17},"end":{"line":8,"column":32}},"4":{"start":{"line":9,"column":15},"end":{"line":31,"column":3}},"5":{"start":{"line":33,"column":29},"end":{"line":43,"column":3}},"6":{"start":{"line":34,"column":27},"end":{"line":34,"column":29}},"7":{"start":{"line":35,"column":4},"end":{"line":37,"column":5}},"8":{"start":{"line":36,"column":6},"end":{"line":36,"column":31}},"9":{"start":{"line":38,"column":4},"end":{"line":40,"column":5}},"10":{"start":{"line":39,"column":6},"end":{"line":39,"column":42}},"11":{"start":{"line":41,"column":16},"end":{"line":41,"column":60}},"12":{"start":{"line":42,"column":4},"end":{"line":42,"column":35}},"13":{"start":{"line":45,"column":32},"end":{"line":57,"column":3}},"14":{"start":{"line":46,"column":24},"end":{"line":46,"column":28}},"15":{"start":{"line":47,"column":26},"end":{"line":47,"column":54}},"16":{"start":{"line":48,"column":4},"end":{"line":55,"column":5}},"17":{"start":{"line":49,"column":24},"end":{"line":49,"column":52}},"18":{"start":{"line":50,"column":6},"end":{"line":54,"column":9}},"19":{"start":{"line":51,"column":8},"end":{"line":53,"column":9}},"20":{"start":{"line":52,"column":10},"end":{"line":52,"column":32}},"21":{"start":{"line":56,"column":4},"end":{"line":56,"column":25}},"22":{"start":{"line":59,"column":27},"end":{"line":77,"column":3}},"23":{"start":{"line":60,"column":29},"end":{"line":60,"column":45}},"24":{"start":{"line":61,"column":19},"end":{"line":61,"column":24}},"25":{"start":{"line":62,"column":14},"end":{"line":62,"column":16}},"26":{"start":{"line":63,"column":4},"end":{"line":69,"column":5}},"27":{"start":{"line":64,"column":22},"end":{"line":64,"column":58}},"28":{"start":{"line":65,"column":6},"end":{"line":67,"column":7}},"29":{"start":{"line":65,"column":19},"end":{"line":65,"column":25}},"30":{"start":{"line":66,"column":8},"end":{"line":66,"column":65}},"31":{"start":{"line":68,"column":6},"end":{"line":68,"column":17}},"32":{"start":{"line":70,"column":4},"end":{"line":76,"column":5}},"33":{"start":{"line":71,"column":22},"end":{"line":71,"column":67}},"34":{"start":{"line":72,"column":6},"end":{"line":74,"column":7}},"35":{"start":{"line":72,"column":19},"end":{"line":72,"column":35}},"36":{"start":{"line":73,"column":8},"end":{"line":73,"column":55}},"37":{"start":{"line":75,"column":6},"end":{"line":75,"column":17}},"38":{"start":{"line":79,"column":22},"end":{"line":84,"column":3}},"39":{"start":{"line":80,"column":4},"end":{"line":83,"column":7}},"40":{"start":{"line":81,"column":19},"end":{"line":81,"column":54}},"41":{"start":{"line":82,"column":6},"end":{"line":82,"column":47}},"42":{"start":{"line":86,"column":30},"end":{"line":97,"column":3}},"43":{"start":{"line":87,"column":15},"end":{"line":87,"column":30}},"44":{"start":{"line":88,"column":21},"end":{"line":88,"column":43}},"45":{"start":{"line":89,"column":28},"end":{"line":89,"column":48}},"46":{"start":{"line":90,"column":39},"end":{"line":90,"column":77}},"47":{"start":{"line":91,"column":4},"end":{"line":94,"column":5}},"48":{"start":{"line":92,"column":6},"end":{"line":92,"column":59}},"49":{"start":{"line":93,"column":6},"end":{"line":93,"column":13}},"50":{"start":{"line":95,"column":4},"end":{"line":95,"column":33}},"51":{"start":{"line":96,"column":4},"end":{"line":96,"column":53}},"52":{"start":{"line":99,"column":30},"end":{"line":107,"column":3}},"53":{"start":{"line":100,"column":26},"end":{"line":102,"column":5}},"54":{"start":{"line":103,"column":4},"end":{"line":105,"column":7}},"55":{"start":{"line":104,"column":6},"end":{"line":104,"column":50}},"56":{"start":{"line":106,"column":4},"end":{"line":106,"column":60}},"57":{"start":{"line":109,"column":30},"end":{"line":131,"column":3}},"58":{"start":{"line":110,"column":15},"end":{"line":110,"column":30}},"59":{"start":{"line":111,"column":21},"end":{"line":111,"column":43}},"60":{"start":{"line":112,"column":28},"end":{"line":112,"column":48}},"61":{"start":{"line":113,"column":39},"end":{"line":113,"column":77}},"62":{"start":{"line":115,"column":4},"end":{"line":130,"column":5}},"63":{"start":{"line":116,"column":27},"end":{"line":116,"column":52}},"64":{"start":{"line":117,"column":6},"end":{"line":117,"column":71}},"65":{"start":{"line":118,"column":6},"end":{"line":121,"column":9}},"66":{"start":{"line":119,"column":21},"end":{"line":119,"column":56}},"67":{"start":{"line":120,"column":8},"end":{"line":120,"column":42}},"68":{"start":{"line":122,"column":6},"end":{"line":122,"column":50}},"69":{"start":{"line":125,"column":6},"end":{"line":129,"column":7}},"70":{"start":{"line":126,"column":21},"end":{"line":126,"column":64}},"71":{"start":{"line":127,"column":8},"end":{"line":127,"column":22}},"72":{"start":{"line":128,"column":8},"end":{"line":128,"column":25}},"73":{"start":{"line":133,"column":28},"end":{"line":143,"column":3}},"74":{"start":{"line":134,"column":16},"end":{"line":134,"column":25}},"75":{"start":{"line":135,"column":4},"end":{"line":138,"column":5}},"76":{"start":{"line":136,"column":6},"end":{"line":136,"column":31}},"77":{"start":{"line":137,"column":6},"end":{"line":137,"column":13}},"78":{"start":{"line":139,"column":4},"end":{"line":142,"column":5}},"79":{"start":{"line":140,"column":6},"end":{"line":140,"column":33}},"80":{"start":{"line":141,"column":6},"end":{"line":141,"column":13}},"81":{"start":{"line":145,"column":16},"end":{"line":145,"column":78}},"82":{"start":{"line":146,"column":2},"end":{"line":150,"column":5}},"83":{"start":{"line":147,"column":4},"end":{"line":147,"column":61}},"84":{"start":{"line":148,"column":4},"end":{"line":148,"column":61}},"85":{"start":{"line":149,"column":4},"end":{"line":149,"column":56}},"86":{"start":{"line":151,"column":2},"end":{"line":151,"column":61}}},"fnMap":{"0":{"name":"logic_listeners","decl":{"start":{"line":4,"column":24},"end":{"line":4,"column":39}},"loc":{"start":{"line":4,"column":42},"end":{"line":152,"column":1}},"line":4},"1":{"name":"(anonymous_1)","decl":{"start":{"line":33,"column":29},"end":{"line":33,"column":30}},"loc":{"start":{"line":33,"column":37},"end":{"line":43,"column":3}},"line":33},"2":{"name":"(anonymous_2)","decl":{"start":{"line":45,"column":32},"end":{"line":45,"column":33}},"loc":{"start":{"line":45,"column":47},"end":{"line":57,"column":3}},"line":45},"3":{"name":"(anonymous_3)","decl":{"start":{"line":50,"column":20},"end":{"line":50,"column":21}},"loc":{"start":{"line":50,"column":30},"end":{"line":54,"column":7}},"line":50},"4":{"name":"(anonymous_4)","decl":{"start":{"line":59,"column":27},"end":{"line":59,"column":28}},"loc":{"start":{"line":59,"column":35},"end":{"line":77,"column":3}},"line":59},"5":{"name":"(anonymous_5)","decl":{"start":{"line":79,"column":22},"end":{"line":79,"column":23}},"loc":{"start":{"line":79,"column":39},"end":{"line":84,"column":3}},"line":79},"6":{"name":"(anonymous_6)","decl":{"start":{"line":80,"column":20},"end":{"line":80,"column":21}},"loc":{"start":{"line":80,"column":36},"end":{"line":83,"column":5}},"line":80},"7":{"name":"(anonymous_7)","decl":{"start":{"line":86,"column":30},"end":{"line":86,"column":31}},"loc":{"start":{"line":86,"column":41},"end":{"line":97,"column":3}},"line":86},"8":{"name":"(anonymous_8)","decl":{"start":{"line":99,"column":30},"end":{"line":99,"column":31}},"loc":{"start":{"line":99,"column":41},"end":{"line":107,"column":3}},"line":99},"9":{"name":"(anonymous_9)","decl":{"start":{"line":103,"column":22},"end":{"line":103,"column":23}},"loc":{"start":{"line":103,"column":32},"end":{"line":105,"column":5}},"line":103},"10":{"name":"(anonymous_10)","decl":{"start":{"line":109,"column":30},"end":{"line":109,"column":31}},"loc":{"start":{"line":109,"column":41},"end":{"line":131,"column":3}},"line":109},"11":{"name":"(anonymous_11)","decl":{"start":{"line":118,"column":26},"end":{"line":118,"column":27}},"loc":{"start":{"line":118,"column":42},"end":{"line":121,"column":7}},"line":118},"12":{"name":"(anonymous_12)","decl":{"start":{"line":133,"column":28},"end":{"line":133,"column":29}},"loc":{"start":{"line":133,"column":39},"end":{"line":143,"column":3}},"line":133},"13":{"name":"(anonymous_13)","decl":{"start":{"line":146,"column":12},"end":{"line":146,"column":13}},"loc":{"start":{"line":146,"column":22},"end":{"line":150,"column":3}},"line":146}},"branchMap":{"0":{"loc":{"start":{"line":35,"column":4},"end":{"line":37,"column":5}},"type":"if","locations":[{"start":{"line":35,"column":4},"end":{"line":37,"column":5}},{"start":{"line":35,"column":4},"end":{"line":37,"column":5}}],"line":35},"1":{"loc":{"start":{"line":38,"column":4},"end":{"line":40,"column":5}},"type":"if","locations":[{"start":{"line":38,"column":4},"end":{"line":40,"column":5}},{"start":{"line":38,"column":4},"end":{"line":40,"column":5}}],"line":38},"2":{"loc":{"start":{"line":51,"column":8},"end":{"line":53,"column":9}},"type":"if","locations":[{"start":{"line":51,"column":8},"end":{"line":53,"column":9}},{"start":{"line":51,"column":8},"end":{"line":53,"column":9}}],"line":51},"3":{"loc":{"start":{"line":63,"column":4},"end":{"line":69,"column":5}},"type":"if","locations":[{"start":{"line":63,"column":4},"end":{"line":69,"column":5}},{"start":{"line":63,"column":4},"end":{"line":69,"column":5}}],"line":63},"4":{"loc":{"start":{"line":70,"column":4},"end":{"line":76,"column":5}},"type":"if","locations":[{"start":{"line":70,"column":4},"end":{"line":76,"column":5}},{"start":{"line":70,"column":4},"end":{"line":76,"column":5}}],"line":70},"5":{"loc":{"start":{"line":91,"column":4},"end":{"line":94,"column":5}},"type":"if","locations":[{"start":{"line":91,"column":4},"end":{"line":94,"column":5}},{"start":{"line":91,"column":4},"end":{"line":94,"column":5}}],"line":91},"6":{"loc":{"start":{"line":91,"column":8},"end":{"line":91,"column":48}},"type":"binary-expr","locations":[{"start":{"line":91,"column":8},"end":{"line":91,"column":17}},{"start":{"line":91,"column":21},"end":{"line":91,"column":48}}],"line":91},"7":{"loc":{"start":{"line":115,"column":4},"end":{"line":130,"column":5}},"type":"if","locations":[{"start":{"line":115,"column":4},"end":{"line":130,"column":5}},{"start":{"line":115,"column":4},"end":{"line":130,"column":5}}],"line":115},"8":{"loc":{"start":{"line":115,"column":8},"end":{"line":115,"column":72}},"type":"binary-expr","locations":[{"start":{"line":115,"column":8},"end":{"line":115,"column":16}},{"start":{"line":115,"column":20},"end":{"line":115,"column":46}},{"start":{"line":115,"column":50},"end":{"line":115,"column":72}}],"line":115},"9":{"loc":{"start":{"line":125,"column":6},"end":{"line":129,"column":7}},"type":"if","locations":[{"start":{"line":125,"column":6},"end":{"line":129,"column":7}},{"start":{"line":125,"column":6},"end":{"line":129,"column":7}}],"line":125},"10":{"loc":{"start":{"line":135,"column":4},"end":{"line":138,"column":5}},"type":"if","locations":[{"start":{"line":135,"column":4},"end":{"line":138,"column":5}},{"start":{"line":135,"column":4},"end":{"line":138,"column":5}}],"line":135},"11":{"loc":{"start":{"line":135,"column":8},"end":{"line":135,"column":51}},"type":"binary-expr","locations":[{"start":{"line":135,"column":8},"end":{"line":135,"column":19}},{"start":{"line":135,"column":23},"end":{"line":135,"column":51}}],"line":135},"12":{"loc":{"start":{"line":139,"column":4},"end":{"line":142,"column":5}},"type":"if","locations":[{"start":{"line":139,"column":4},"end":{"line":142,"column":5}},{"start":{"line":139,"column":4},"end":{"line":142,"column":5}}],"line":139},"13":{"loc":{"start":{"line":139,"column":8},"end":{"line":139,"column":49}},"type":"binary-expr","locations":[{"start":{"line":139,"column":8},"end":{"line":139,"column":19}},{"start":{"line":139,"column":23},"end":{"line":139,"column":49}}],"line":139}},"s":{"0":0,"1":0,"2":0,"3":0,"4":0,"5":0,"6":0,"7":0,"8":0,"9":0,"10":0,"11":0,"12":0,"13":0,"14":0,"15":0,"16":0,"17":0,"18":0,"19":0,"20":0,"21":0,"22":0,"23":0,"24":0,"25":0,"26":0,"27":0,"28":0,"29":0,"30":0,"31":0,"32":0,"33":0,"34":0,"35":0,"36":0,"37":0,"38":0,"39":0,"40":0,"41":0,"42":0,"43":0,"44":0,"45":0,"46":0,"47":0,"48":0,"49":0,"50":0,"51":0,"52":0,"53":0,"54":0,"55":0,"56":0,"57":0,"58":0,"59":0,"60":0,"61":0,"62":0,"63":0,"64":0,"65":0,"66":0,"67":0,"68":0,"69":0,"70":0,"71":0,"72":0,"73":0,"74":0,"75":0,"76":0,"77":0,"78":0,"79":0,"80":0,"81":0,"82":0,"83":0,"84":0,"85":0,"86":0},"f":{"0":0,"1":0,"2":0,"3":0,"4":0,"5":0,"6":0,"7":0,"8":0,"9":0,"10":0,"11":0,"12":0,"13":0},"b":{"0":[0,0],"1":[0,0],"2":[0,0],"3":[0,0],"4":[0,0],"5":[0,0],"6":[0,0],"7":[0,0],"8":[0,0,0],"9":[0,0],"10":[0,0],"11":[0,0],"12":[0,0],"13":[0,0]},"_coverageSchema":"1a1c01bbd47fc00a2c39e90264f33305004495a9","hash":"182f78f36a79305c59900fa36b795d5559279d53"}
,"/Users/poppins/web-dev/TOP/battleship/src/components/ui/place_ships/helpers/place_ai_ships.js": {"path":"/Users/poppins/web-dev/TOP/battleship/src/components/ui/place_ships/helpers/place_ai_ships.js","statementMap":{"0":{"start":{"line":4,"column":27},"end":{"line":4,"column":28}},"1":{"start":{"line":5,"column":20},"end":{"line":5,"column":32}},"2":{"start":{"line":6,"column":16},"end":{"line":6,"column":75}},"3":{"start":{"line":7,"column":17},"end":{"line":7,"column":32}},"4":{"start":{"line":8,"column":15},"end":{"line":25,"column":3}},"5":{"start":{"line":26,"column":26},"end":{"line":26,"column":28}},"6":{"start":{"line":28,"column":18},"end":{"line":28,"column":68}},"7":{"start":{"line":30,"column":20},"end":{"line":48,"column":3}},"8":{"start":{"line":31,"column":29},"end":{"line":31,"column":45}},"9":{"start":{"line":32,"column":19},"end":{"line":32,"column":24}},"10":{"start":{"line":33,"column":14},"end":{"line":33,"column":16}},"11":{"start":{"line":34,"column":4},"end":{"line":40,"column":5}},"12":{"start":{"line":35,"column":22},"end":{"line":35,"column":58}},"13":{"start":{"line":36,"column":6},"end":{"line":38,"column":7}},"14":{"start":{"line":36,"column":19},"end":{"line":36,"column":25}},"15":{"start":{"line":37,"column":8},"end":{"line":37,"column":65}},"16":{"start":{"line":39,"column":6},"end":{"line":39,"column":17}},"17":{"start":{"line":41,"column":4},"end":{"line":47,"column":5}},"18":{"start":{"line":42,"column":22},"end":{"line":42,"column":67}},"19":{"start":{"line":43,"column":6},"end":{"line":45,"column":7}},"20":{"start":{"line":43,"column":19},"end":{"line":43,"column":35}},"21":{"start":{"line":44,"column":8},"end":{"line":44,"column":55}},"22":{"start":{"line":46,"column":6},"end":{"line":46,"column":17}},"23":{"start":{"line":50,"column":20},"end":{"line":52,"column":3}},"24":{"start":{"line":51,"column":4},"end":{"line":51,"column":48}},"25":{"start":{"line":54,"column":17},"end":{"line":60,"column":3}},"26":{"start":{"line":55,"column":4},"end":{"line":59,"column":5}},"27":{"start":{"line":56,"column":6},"end":{"line":56,"column":33}},"28":{"start":{"line":58,"column":6},"end":{"line":58,"column":35}},"29":{"start":{"line":62,"column":22},"end":{"line":78,"column":3}},"30":{"start":{"line":63,"column":4},"end":{"line":69,"column":5}},"31":{"start":{"line":64,"column":28},"end":{"line":64,"column":67}},"32":{"start":{"line":65,"column":28},"end":{"line":67,"column":7}},"33":{"start":{"line":68,"column":6},"end":{"line":68,"column":43}},"34":{"start":{"line":70,"column":4},"end":{"line":77,"column":5}},"35":{"start":{"line":72,"column":8},"end":{"line":74,"column":9}},"36":{"start":{"line":75,"column":28},"end":{"line":75,"column":58}},"37":{"start":{"line":76,"column":6},"end":{"line":76,"column":43}},"38":{"start":{"line":80,"column":2},"end":{"line":80,"column":44}}},"fnMap":{"0":{"name":"place_ai_ships","decl":{"start":{"line":3,"column":24},"end":{"line":3,"column":38}},"loc":{"start":{"line":3,"column":41},"end":{"line":81,"column":1}},"line":3},"1":{"name":"(anonymous_1)","decl":{"start":{"line":30,"column":20},"end":{"line":30,"column":21}},"loc":{"start":{"line":30,"column":28},"end":{"line":48,"column":3}},"line":30},"2":{"name":"(anonymous_2)","decl":{"start":{"line":50,"column":20},"end":{"line":50,"column":21}},"loc":{"start":{"line":50,"column":26},"end":{"line":52,"column":3}},"line":50},"3":{"name":"(anonymous_3)","decl":{"start":{"line":54,"column":17},"end":{"line":54,"column":18}},"loc":{"start":{"line":54,"column":23},"end":{"line":60,"column":3}},"line":54},"4":{"name":"(anonymous_4)","decl":{"start":{"line":62,"column":22},"end":{"line":62,"column":23}},"loc":{"start":{"line":62,"column":28},"end":{"line":78,"column":3}},"line":62}},"branchMap":{"0":{"loc":{"start":{"line":34,"column":4},"end":{"line":40,"column":5}},"type":"if","locations":[{"start":{"line":34,"column":4},"end":{"line":40,"column":5}},{"start":{"line":34,"column":4},"end":{"line":40,"column":5}}],"line":34},"1":{"loc":{"start":{"line":41,"column":4},"end":{"line":47,"column":5}},"type":"if","locations":[{"start":{"line":41,"column":4},"end":{"line":47,"column":5}},{"start":{"line":41,"column":4},"end":{"line":47,"column":5}}],"line":41},"2":{"loc":{"start":{"line":55,"column":4},"end":{"line":59,"column":5}},"type":"if","locations":[{"start":{"line":55,"column":4},"end":{"line":59,"column":5}},{"start":{"line":55,"column":4},"end":{"line":59,"column":5}}],"line":55},"3":{"loc":{"start":{"line":63,"column":4},"end":{"line":69,"column":5}},"type":"if","locations":[{"start":{"line":63,"column":4},"end":{"line":69,"column":5}},{"start":{"line":63,"column":4},"end":{"line":69,"column":5}}],"line":63},"4":{"loc":{"start":{"line":70,"column":4},"end":{"line":77,"column":5}},"type":"if","locations":[{"start":{"line":70,"column":4},"end":{"line":77,"column":5}},{"start":{"line":70,"column":4},"end":{"line":77,"column":5}}],"line":70}},"s":{"0":1,"1":1,"2":1,"3":1,"4":1,"5":1,"6":1,"7":1,"8":0,"9":0,"10":0,"11":0,"12":0,"13":0,"14":0,"15":0,"16":0,"17":0,"18":0,"19":0,"20":0,"21":0,"22":0,"23":1,"24":0,"25":1,"26":0,"27":0,"28":0,"29":1,"30":100,"31":100,"32":100,"33":100,"34":0,"35":0,"36":0,"37":0,"38":1},"f":{"0":1,"1":0,"2":0,"3":0,"4":100},"b":{"0":[0,0],"1":[0,0],"2":[0,0],"3":[100,0],"4":[0,0]},"_coverageSchema":"1a1c01bbd47fc00a2c39e90264f33305004495a9","hash":"a934bf8049ea2148665a6aecf82e21363b49ced5"}
,"/Users/poppins/web-dev/TOP/battleship/src/components/ui/place_ships/helpers/render_tiles.js": {"path":"/Users/poppins/web-dev/TOP/battleship/src/components/ui/place_ships/helpers/render_tiles.js","statementMap":{"0":{"start":{"line":4,"column":15},"end":{"line":4,"column":45}},"1":{"start":{"line":5,"column":32},"end":{"line":5,"column":61}},"2":{"start":{"line":6,"column":33},"end":{"line":6,"column":62}},"3":{"start":{"line":7,"column":23},"end":{"line":7,"column":50}},"4":{"start":{"line":8,"column":20},"end":{"line":8,"column":49}},"5":{"start":{"line":9,"column":18},"end":{"line":21,"column":3}},"6":{"start":{"line":23,"column":2},"end":{"line":23,"column":31}},"7":{"start":{"line":24,"column":2},"end":{"line":24,"column":53}},"8":{"start":{"line":25,"column":2},"end":{"line":25,"column":55}},"9":{"start":{"line":26,"column":2},"end":{"line":26,"column":35}},"10":{"start":{"line":27,"column":2},"end":{"line":27,"column":29}},"11":{"start":{"line":28,"column":2},"end":{"line":28,"column":39}},"12":{"start":{"line":29,"column":2},"end":{"line":29,"column":32}},"13":{"start":{"line":31,"column":2},"end":{"line":37,"column":3}},"14":{"start":{"line":31,"column":15},"end":{"line":31,"column":16}},"15":{"start":{"line":32,"column":26},"end":{"line":32,"column":56}},"16":{"start":{"line":33,"column":17},"end":{"line":33,"column":46}},"17":{"start":{"line":34,"column":4},"end":{"line":34,"column":54}},"18":{"start":{"line":35,"column":4},"end":{"line":35,"column":47}},"19":{"start":{"line":36,"column":4},"end":{"line":36,"column":22}},"20":{"start":{"line":38,"column":2},"end":{"line":43,"column":3}},"21":{"start":{"line":38,"column":15},"end":{"line":38,"column":16}},"22":{"start":{"line":39,"column":17},"end":{"line":39,"column":46}},"23":{"start":{"line":40,"column":4},"end":{"line":40,"column":29}},"24":{"start":{"line":41,"column":4},"end":{"line":41,"column":42}},"25":{"start":{"line":42,"column":4},"end":{"line":42,"column":39}},"26":{"start":{"line":44,"column":2},"end":{"line":44,"column":29}},"27":{"start":{"line":45,"column":2},"end":{"line":45,"column":43}},"28":{"start":{"line":46,"column":2},"end":{"line":46,"column":46}},"29":{"start":{"line":47,"column":2},"end":{"line":47,"column":37}},"30":{"start":{"line":48,"column":2},"end":{"line":48,"column":38}}},"fnMap":{"0":{"name":"render_tiles","decl":{"start":{"line":3,"column":24},"end":{"line":3,"column":36}},"loc":{"start":{"line":3,"column":39},"end":{"line":49,"column":1}},"line":3}},"branchMap":{},"s":{"0":0,"1":0,"2":0,"3":0,"4":0,"5":0,"6":0,"7":0,"8":0,"9":0,"10":0,"11":0,"12":0,"13":0,"14":0,"15":0,"16":0,"17":0,"18":0,"19":0,"20":0,"21":0,"22":0,"23":0,"24":0,"25":0,"26":0,"27":0,"28":0,"29":0,"30":0},"f":{"0":0},"b":{},"_coverageSchema":"1a1c01bbd47fc00a2c39e90264f33305004495a9","hash":"9b3441c84f1df9af6f2e85d0e612933e9daa7b44"}
}
