TN:
SF:src/components/game/gameboard.js
FN:28,(anonymous_0)
FN:34,(anonymous_1)
FN:48,(anonymous_2)
FNF:3
FNH:3
FNDA:15,(anonymous_0)
FNDA:20,(anonymous_1)
FNDA:18,(anonymous_2)
DA:4,3
DA:26,3
DA:29,15
DA:32,1
DA:35,20
DA:36,20
DA:37,100
DA:38,100
DA:39,19
DA:40,19
DA:41,19
DA:44,20
DA:45,1
DA:49,18
DA:50,18
DA:51,49
DA:52,49
DA:53,17
DA:54,17
DA:57,18
LF:20
LH:20
BRDA:38,0,0,19
BRDA:38,0,1,81
BRDA:44,1,0,1
BRDA:44,1,1,19
BRDA:52,2,0,17
BRDA:52,2,1,32
BRF:6
BRH:6
end_of_record
TN:
SF:src/components/game/player.js
FN:2,(anonymous_0)
FN:21,(anonymous_1)
FNF:2
FNH:2
FNDA:2,(anonymous_0)
FNDA:4,(anonymous_1)
DA:3,2
DA:5,2
DA:8,2
DA:9,2
DA:10,2
DA:11,2
DA:12,2
DA:13,0
DA:15,2
DA:19,4
DA:22,4
DA:23,2
DA:25,4
DA:26,4
DA:27,4
LF:15
LH:14
BRDA:12,0,0,0
BRDA:12,0,1,2
BRDA:22,1,0,2
BRDA:22,1,1,2
BRF:4
BRH:3
end_of_record
TN:
SF:src/components/game/ship.js
FN:2,(anonymous_0)
FN:11,(anonymous_1)
FN:14,(anonymous_2)
FN:15,(anonymous_3)
FNF:4
FNH:4
FNDA:17,(anonymous_0)
FNDA:29,(anonymous_1)
FNDA:54,(anonymous_2)
FNDA:179,(anonymous_3)
DA:3,17
DA:7,29
DA:8,29
DA:9,29
DA:12,29
DA:15,179
DA:16,54
LF:7
LH:7
BRF:0
BRH:0
end_of_record
