TN:
SF:src/index.js
FNF:0
FNH:0
DA:5,1
DA:6,1
LF:2
LH:2
BRF:0
BRH:0
end_of_record
TN:
SF:src/components/game/game_loop.js
FN:4,gameloop
FNF:1
FNH:1
FNDA:1,gameloop
DA:5,1
DA:6,1
DA:7,1
DA:8,1
DA:10,1
LF:5
LH:5
BRF:0
BRH:0
end_of_record
TN:
SF:src/components/game/gameboard.js
FN:29,(anonymous_0)
FN:38,(anonymous_1)
FN:53,(anonymous_2)
FNF:3
FNH:3
FNDA:16,(anonymous_0)
FNDA:25,(anonymous_1)
FNDA:18,(anonymous_2)
DA:4,6
DA:26,6
DA:27,6
DA:30,16
DA:33,1
DA:36,24
DA:39,25
DA:40,25
DA:41,125
DA:42,125
DA:43,24
DA:44,24
DA:45,24
DA:46,24
DA:49,25
DA:50,1
DA:54,18
DA:55,18
DA:56,49
DA:57,49
DA:58,17
DA:59,17
DA:62,18
LF:23
LH:23
BRDA:42,0,0,24
BRDA:42,0,1,101
BRDA:49,1,0,1
BRDA:49,1,1,24
BRDA:57,2,0,17
BRDA:57,2,1,32
BRF:6
BRH:6
end_of_record
TN:
SF:src/components/game/player.js
FN:2,(anonymous_0)
FN:11,(anonymous_1)
FN:13,(anonymous_2)
FN:26,(anonymous_3)
FN:34,(anonymous_4)
FN:44,(anonymous_5)
FNF:6
FNH:6
FNDA:7,(anonymous_0)
FNDA:7,(anonymous_1)
FNDA:70,(anonymous_2)
FNDA:5448,(anonymous_3)
FNDA:103,(anonymous_4)
FNDA:3,(anonymous_5)
DA:3,7
DA:5,7
DA:6,7
DA:9,700
DA:11,7
DA:12,7
DA:13,7
DA:14,70
DA:15,700
DA:20,102
DA:25,104
DA:26,104
DA:27,5448
DA:29,104
DA:32,104
DA:35,103
DA:36,1
DA:38,102
DA:39,102
DA:40,102
DA:41,102
DA:42,102
DA:45,3
DA:46,1
DA:48,2
DA:49,2
DA:50,2
DA:51,2
DA:52,2
LF:29
LH:29
BRDA:35,0,0,1
BRDA:35,0,1,102
BRDA:45,1,0,1
BRDA:45,1,1,2
BRF:4
BRH:4
end_of_record
TN:
SF:src/components/game/ship.js
FN:2,(anonymous_0)
FN:11,(anonymous_1)
FN:14,(anonymous_2)
FN:15,(anonymous_3)
FNF:4
FNH:4
FNDA:32,(anonymous_0)
FNDA:34,(anonymous_1)
FNDA:54,(anonymous_2)
FNDA:179,(anonymous_3)
DA:3,32
DA:7,34
DA:8,34
DA:9,34
DA:12,34
DA:15,179
LF:6
LH:6
BRF:0
BRH:0
end_of_record
TN:
SF:src/components/ui/homepage/homepage.js
FN:8,homepage
FNF:1
FNH:1
FNDA:1,homepage
DA:9,1
DA:10,1
DA:11,1
DA:12,1
DA:13,1
DA:14,1
LF:6
LH:6
BRF:0
BRH:0
end_of_record
TN:
SF:src/components/ui/homepage/helpers/animations.js
FN:1,(anonymous_0)
FN:2,(anonymous_1)
FN:22,(anonymous_2)
FN:42,(anonymous_3)
FNF:4
FNH:1
FNDA:1,(anonymous_0)
FNDA:0,(anonymous_1)
FNDA:0,(anonymous_2)
FNDA:0,(anonymous_3)
DA:1,1
DA:2,1
DA:3,0
DA:4,0
DA:5,0
DA:6,0
DA:7,0
DA:8,0
DA:9,0
DA:10,0
DA:11,0
DA:12,0
DA:13,0
DA:15,0
DA:16,0
DA:17,0
DA:18,0
DA:22,1
DA:23,0
DA:24,0
DA:25,0
DA:26,0
DA:27,0
DA:28,0
DA:29,0
DA:30,0
DA:31,0
DA:32,0
DA:33,0
DA:35,0
DA:36,0
DA:37,0
DA:38,0
DA:42,1
DA:43,0
DA:44,0
DA:45,0
DA:46,0
DA:47,0
DA:48,0
DA:49,0
DA:50,0
DA:51,0
DA:52,0
DA:53,0
DA:55,0
DA:56,0
DA:57,0
DA:58,0
DA:62,1
DA:63,1
DA:64,1
DA:66,1
LF:53
LH:8
BRDA:9,0,0,0
BRDA:9,0,1,0
BRDA:29,1,0,0
BRDA:29,1,1,0
BRDA:49,2,0,0
BRDA:49,2,1,0
BRF:6
BRH:0
end_of_record
TN:
SF:src/components/ui/homepage/helpers/battleship_tiles.js
FN:16,ez_loader
FNF:1
FNH:1
FNDA:1,ez_loader
DA:3,1
DA:16,1
DA:17,1
DA:18,1
DA:19,1
DA:20,1
DA:22,1
DA:23,1
DA:24,1
DA:26,1
DA:27,1
DA:29,1
DA:30,1
DA:32,1
DA:33,1
DA:35,1
DA:36,1
DA:37,1
DA:38,1
DA:40,1
DA:41,1
DA:42,1
DA:43,1
DA:45,1
DA:46,1
DA:48,1
DA:49,1
DA:50,1
DA:52,1
DA:53,1
DA:54,1
LF:31
LH:31
BRF:0
BRH:0
end_of_record
TN:
SF:src/components/ui/homepage/helpers/color_battleship_tiles.js
FN:4,color_battleship_tiles
FNF:1
FNH:1
FNDA:1,color_battleship_tiles
DA:5,1
DA:6,10
LF:2
LH:2
BRF:0
BRH:0
end_of_record
TN:
SF:src/components/ui/homepage/helpers/color_ship_tiles.js
FN:4,color_ship_tiles
FN:5,carrier
FN:29,(anonymous_2)
FN:45,destroyer
FN:67,(anonymous_4)
FN:78,submarine
FNF:6
FNH:6
FNDA:1,color_ship_tiles
FNDA:1,carrier
FNDA:11,(anonymous_2)
FNDA:1,destroyer
FNDA:6,(anonymous_4)
FNDA:1,submarine
DA:5,1
DA:6,1
DA:7,1
DA:8,1
DA:9,1
DA:10,1
DA:11,1
DA:12,1
DA:17,1
DA:18,1
DA:19,1
DA:20,1
DA:21,1
DA:22,1
DA:23,1
DA:24,1
DA:25,1
DA:26,1
DA:27,1
DA:28,1
DA:29,1
DA:30,11
DA:32,1
DA:33,1
DA:34,1
DA:35,1
DA:36,1
DA:37,1
DA:38,1
DA:39,1
DA:40,1
DA:41,1
DA:42,1
DA:45,1
DA:46,1
DA:47,1
DA:48,1
DA:49,1
DA:50,1
DA:51,1
DA:55,1
DA:60,1
DA:61,1
DA:62,1
DA:63,1
DA:64,1
DA:65,1
DA:66,1
DA:67,1
DA:68,6
DA:70,1
DA:71,1
DA:72,1
DA:73,1
DA:74,1
DA:75,1
DA:78,1
DA:80,1
DA:81,1
DA:82,1
LF:60
LH:60
BRF:0
BRH:0
end_of_record
TN:
SF:src/components/ui/homepage/helpers/color_start_tiles.js
FN:3,color_start_tiles
FN:5,(anonymous_1)
FNF:2
FNH:2
FNDA:1,color_start_tiles
FNDA:196,(anonymous_1)
DA:4,1
DA:5,1
DA:6,196
DA:7,196
DA:8,196
LF:5
LH:5
BRF:0
BRH:0
end_of_record
TN:
SF:src/components/ui/homepage/helpers/color_water_tiles.js
FN:1,color_water_tiles
FN:16,(anonymous_1)
FNF:2
FNH:2
FNDA:1,color_water_tiles
FNDA:1840,(anonymous_1)
DA:2,1
DA:15,1
DA:16,1
DA:17,1840
DA:18,1840
LF:5
LH:5
BRF:0
BRH:0
end_of_record
TN:
SF:src/components/ui/homepage/helpers/helpers.js
FN:1,(anonymous_0)
FN:7,(anonymous_1)
FN:8,(anonymous_2)
FNF:3
FNH:3
FNDA:77,(anonymous_0)
FNDA:27,(anonymous_1)
FNDA:1005,(anonymous_2)
DA:1,1
DA:2,77
DA:3,830
DA:7,1
DA:8,27
DA:9,1005
DA:10,1005
DA:11,1005
DA:12,1005
LF:9
LH:9
BRF:0
BRH:0
end_of_record
TN:
SF:src/components/ui/homepage/helpers/listeners_handlers.js
FN:4,listeners_handlers
FN:7,(anonymous_1)
FN:11,(anonymous_2)
FN:19,(anonymous_3)
FN:25,(anonymous_4)
FN:29,(anonymous_5)
FN:36,(anonymous_6)
FN:41,(anonymous_7)
FNF:8
FNH:1
FNDA:1,listeners_handlers
FNDA:0,(anonymous_1)
FNDA:0,(anonymous_2)
FNDA:0,(anonymous_3)
FNDA:0,(anonymous_4)
FNDA:0,(anonymous_5)
FNDA:0,(anonymous_6)
FNDA:0,(anonymous_7)
DA:5,1
DA:7,1
DA:8,0
DA:11,0
DA:12,0
DA:13,0
DA:16,0
DA:19,0
DA:20,0
DA:21,0
DA:25,1
DA:26,0
DA:29,0
DA:30,0
DA:31,0
DA:33,0
DA:36,0
DA:37,0
DA:38,0
DA:41,1
DA:42,0
DA:43,0
DA:44,0
DA:46,0
DA:47,0
DA:50,1
DA:51,1
DA:52,1
LF:28
LH:7
BRF:0
BRH:0
end_of_record
TN:
SF:src/components/ui/homepage/helpers/render_tiles.js
FN:1,render_tiles
FNF:1
FNH:1
FNDA:1,render_tiles
DA:2,1
DA:3,1
DA:4,1
DA:5,1
DA:6,1
DA:7,1
DA:8,1
DA:9,2800
DA:10,2800
DA:11,2800
DA:12,2800
DA:14,1
DA:15,700
DA:16,700
DA:17,700
DA:18,700
DA:20,1
DA:21,1
DA:22,1
LF:19
LH:19
BRF:0
BRH:0
end_of_record
TN:
SF:src/components/ui/homepage/helpers/ship_tiles.js
FN:56,carrier_ez_loader
FN:97,destroyer_ez_loader
FNF:2
FNH:2
FNDA:1,carrier_ez_loader
FNDA:1,destroyer_ez_loader
DA:3,1
DA:34,1
DA:49,1
DA:56,1
DA:57,1
DA:58,1
DA:59,1
DA:60,1
DA:61,1
DA:62,1
DA:63,1
DA:65,1
DA:66,1
DA:67,1
DA:68,1
DA:69,1
DA:70,1
DA:71,1
DA:72,1
DA:73,1
DA:74,1
DA:75,1
DA:76,1
DA:77,1
DA:78,1
DA:79,1
DA:80,1
DA:82,1
DA:83,1
DA:84,1
DA:85,1
DA:86,1
DA:87,1
DA:88,1
DA:90,1
DA:91,1
DA:93,1
DA:94,1
DA:97,1
DA:98,1
DA:99,1
DA:101,1
DA:102,1
DA:103,1
DA:105,1
DA:106,1
DA:107,1
DA:108,1
DA:109,1
DA:111,1
DA:112,1
DA:113,1
DA:114,1
DA:116,1
DA:117,1
LF:55
LH:55
BRF:0
BRH:0
end_of_record
TN:
SF:src/components/ui/homepage/helpers/start_tiles.js
FN:18,ez_loader
FN:51,(anonymous_1)
FNF:2
FNH:2
FNDA:1,ez_loader
FNDA:196,(anonymous_1)
DA:3,1
DA:18,1
DA:19,1
DA:20,1
DA:21,1
DA:22,1
DA:23,1
DA:24,1
DA:25,1
DA:27,1
DA:28,1
DA:29,1
DA:31,1
DA:32,1
DA:33,1
DA:34,1
DA:35,1
DA:37,1
DA:38,1
DA:39,1
DA:40,1
DA:41,1
DA:43,1
DA:44,1
DA:45,1
DA:47,1
DA:48,6
DA:49,1
DA:51,5
DA:52,196
LF:30
LH:30
BRDA:48,0,0,1
BRDA:48,0,1,5
BRF:2
BRH:2
end_of_record
TN:
SF:src/components/ui/place_ships/place_ships.js
FN:4,place_ships
FNF:1
FNH:0
FNDA:0,place_ships
DA:5,0
DA:6,0
LF:2
LH:0
BRF:0
BRH:0
end_of_record
TN:
SF:src/components/ui/place_ships/helpers/coordinates.js
FN:4,(anonymous_0)
FN:5,(anonymous_1)
FNF:2
FNH:2
FNDA:10,(anonymous_0)
FNDA:100,(anonymous_1)
DA:1,1
DA:2,1
DA:3,1
DA:4,1
DA:5,10
DA:6,100
LF:6
LH:6
BRF:0
BRH:0
end_of_record
TN:
SF:src/components/ui/place_ships/helpers/logic_listeners.js
FN:4,logic_listeners
FN:33,(anonymous_1)
FN:45,(anonymous_2)
FN:50,(anonymous_3)
FN:59,(anonymous_4)
FN:79,(anonymous_5)
FN:80,(anonymous_6)
FN:86,(anonymous_7)
FN:99,(anonymous_8)
FN:103,(anonymous_9)
FN:109,(anonymous_10)
FN:118,(anonymous_11)
FN:133,(anonymous_12)
FN:146,(anonymous_13)
FNF:14
FNH:0
FNDA:0,logic_listeners
FNDA:0,(anonymous_1)
FNDA:0,(anonymous_2)
FNDA:0,(anonymous_3)
FNDA:0,(anonymous_4)
FNDA:0,(anonymous_5)
FNDA:0,(anonymous_6)
FNDA:0,(anonymous_7)
FNDA:0,(anonymous_8)
FNDA:0,(anonymous_9)
FNDA:0,(anonymous_10)
FNDA:0,(anonymous_11)
FNDA:0,(anonymous_12)
FNDA:0,(anonymous_13)
DA:5,0
DA:6,0
DA:7,0
DA:8,0
DA:9,0
DA:33,0
DA:34,0
DA:35,0
DA:36,0
DA:38,0
DA:39,0
DA:41,0
DA:42,0
DA:45,0
DA:46,0
DA:47,0
DA:48,0
DA:49,0
DA:50,0
DA:51,0
DA:52,0
DA:56,0
DA:59,0
DA:60,0
DA:61,0
DA:62,0
DA:63,0
DA:64,0
DA:65,0
DA:66,0
DA:68,0
DA:70,0
DA:71,0
DA:72,0
DA:73,0
DA:75,0
DA:79,0
DA:80,0
DA:81,0
DA:82,0
DA:86,0
DA:87,0
DA:88,0
DA:89,0
DA:90,0
DA:91,0
DA:92,0
DA:93,0
DA:95,0
DA:96,0
DA:99,0
DA:100,0
DA:103,0
DA:104,0
DA:106,0
DA:109,0
DA:110,0
DA:111,0
DA:112,0
DA:113,0
DA:115,0
DA:116,0
DA:117,0
DA:118,0
DA:119,0
DA:120,0
DA:122,0
DA:125,0
DA:126,0
DA:127,0
DA:128,0
DA:133,0
DA:134,0
DA:135,0
DA:136,0
DA:137,0
DA:139,0
DA:140,0
DA:141,0
DA:145,0
DA:146,0
DA:147,0
DA:148,0
DA:149,0
DA:151,0
LF:85
LH:0
BRDA:35,0,0,0
BRDA:35,0,1,0
BRDA:38,1,0,0
BRDA:38,1,1,0
BRDA:51,2,0,0
BRDA:51,2,1,0
BRDA:63,3,0,0
BRDA:63,3,1,0
BRDA:70,4,0,0
BRDA:70,4,1,0
BRDA:91,5,0,0
BRDA:91,5,1,0
BRDA:91,6,0,0
BRDA:91,6,1,0
BRDA:115,7,0,0
BRDA:115,7,1,0
BRDA:115,8,0,0
BRDA:115,8,1,0
BRDA:115,8,2,0
BRDA:125,9,0,0
BRDA:125,9,1,0
BRDA:135,10,0,0
BRDA:135,10,1,0
BRDA:135,11,0,0
BRDA:135,11,1,0
BRDA:139,12,0,0
BRDA:139,12,1,0
BRDA:139,13,0,0
BRDA:139,13,1,0
BRF:29
BRH:0
end_of_record
TN:
SF:src/components/ui/place_ships/helpers/place_ai_ships.js
FN:3,place_ai_ships
FN:30,(anonymous_1)
FN:50,(anonymous_2)
FN:54,(anonymous_3)
FN:62,(anonymous_4)
FNF:5
FNH:2
FNDA:1,place_ai_ships
FNDA:0,(anonymous_1)
FNDA:0,(anonymous_2)
FNDA:0,(anonymous_3)
FNDA:100,(anonymous_4)
DA:4,1
DA:5,1
DA:6,1
DA:7,1
DA:8,1
DA:26,1
DA:28,1
DA:30,1
DA:31,0
DA:32,0
DA:33,0
DA:34,0
DA:35,0
DA:36,0
DA:37,0
DA:39,0
DA:41,0
DA:42,0
DA:43,0
DA:44,0
DA:46,0
DA:50,1
DA:51,0
DA:54,1
DA:55,0
DA:56,0
DA:58,0
DA:62,1
DA:63,100
DA:64,100
DA:65,100
DA:68,100
DA:70,0
DA:72,0
DA:75,0
DA:76,0
DA:80,1
LF:37
LH:16
BRDA:34,0,0,0
BRDA:34,0,1,0
BRDA:41,1,0,0
BRDA:41,1,1,0
BRDA:55,2,0,0
BRDA:55,2,1,0
BRDA:63,3,0,100
BRDA:63,3,1,0
BRDA:70,4,0,0
BRDA:70,4,1,0
BRF:10
BRH:1
end_of_record
TN:
SF:src/components/ui/place_ships/helpers/render_tiles.js
FN:3,render_tiles
FNF:1
FNH:0
FNDA:0,render_tiles
DA:4,0
DA:5,0
DA:6,0
DA:7,0
DA:8,0
DA:9,0
DA:23,0
DA:24,0
DA:25,0
DA:26,0
DA:27,0
DA:28,0
DA:29,0
DA:31,0
DA:32,0
DA:33,0
DA:34,0
DA:35,0
DA:36,0
DA:38,0
DA:39,0
DA:40,0
DA:41,0
DA:42,0
DA:44,0
DA:45,0
DA:46,0
DA:47,0
DA:48,0
LF:29
LH:0
BRF:0
BRH:0
end_of_record
